[2024-12-01T13:38:06.196+0000] {processor.py:161} INFO - Started process (PID=15934) to work on /opt/airflow/dags/kafka_stream.py
[2024-12-01T13:38:06.214+0000] {processor.py:830} INFO - Processing file /opt/airflow/dags/kafka_stream.py for tasks to queue
[2024-12-01T13:38:06.217+0000] {logging_mixin.py:188} INFO - [2024-12-01T13:38:06.216+0000] {dagbag.py:545} INFO - Filling up the DagBag from /opt/airflow/dags/kafka_stream.py
[2024-12-01T13:38:15.512+0000] {processor.py:840} INFO - DAG(s) 'weather_data_kafka_dag' retrieved from /opt/airflow/dags/kafka_stream.py
[2024-12-01T13:38:15.731+0000] {logging_mixin.py:188} INFO - [2024-12-01T13:38:15.730+0000] {dag.py:3089} INFO - Sync 1 DAGs
[2024-12-01T13:38:16.276+0000] {logging_mixin.py:188} INFO - [2024-12-01T13:38:16.275+0000] {dag.py:3947} INFO - Setting next_dagrun for weather_data_kafka_dag to 2024-12-01 13:00:00+00:00, run_after=2024-12-01 14:00:00+00:00
[2024-12-01T13:38:16.631+0000] {processor.py:183} INFO - Processing /opt/airflow/dags/kafka_stream.py took 10.465 seconds
[2024-12-01T13:38:48.867+0000] {processor.py:161} INFO - Started process (PID=16037) to work on /opt/airflow/dags/kafka_stream.py
[2024-12-01T13:38:48.889+0000] {processor.py:830} INFO - Processing file /opt/airflow/dags/kafka_stream.py for tasks to queue
[2024-12-01T13:38:48.906+0000] {logging_mixin.py:188} INFO - [2024-12-01T13:38:48.905+0000] {dagbag.py:545} INFO - Filling up the DagBag from /opt/airflow/dags/kafka_stream.py
[2024-12-01T13:38:56.445+0000] {processor.py:840} INFO - DAG(s) 'weather_data_kafka_dag' retrieved from /opt/airflow/dags/kafka_stream.py
[2024-12-01T13:38:56.705+0000] {logging_mixin.py:188} INFO - [2024-12-01T13:38:56.704+0000] {dag.py:3089} INFO - Sync 1 DAGs
[2024-12-01T13:38:56.874+0000] {logging_mixin.py:188} INFO - [2024-12-01T13:38:56.873+0000] {dag.py:3947} INFO - Setting next_dagrun for weather_data_kafka_dag to 2024-12-01 13:00:00+00:00, run_after=2024-12-01 14:00:00+00:00
[2024-12-01T13:38:57.231+0000] {processor.py:183} INFO - Processing /opt/airflow/dags/kafka_stream.py took 8.410 seconds
[2024-12-01T13:39:29.072+0000] {processor.py:161} INFO - Started process (PID=16205) to work on /opt/airflow/dags/kafka_stream.py
[2024-12-01T13:39:29.094+0000] {processor.py:830} INFO - Processing file /opt/airflow/dags/kafka_stream.py for tasks to queue
[2024-12-01T13:39:29.100+0000] {logging_mixin.py:188} INFO - [2024-12-01T13:39:29.099+0000] {dagbag.py:545} INFO - Filling up the DagBag from /opt/airflow/dags/kafka_stream.py
[2024-12-01T13:39:34.947+0000] {processor.py:840} INFO - DAG(s) 'weather_data_kafka_dag' retrieved from /opt/airflow/dags/kafka_stream.py
[2024-12-01T13:39:35.105+0000] {logging_mixin.py:188} INFO - [2024-12-01T13:39:35.104+0000] {dag.py:3089} INFO - Sync 1 DAGs
[2024-12-01T13:39:35.281+0000] {logging_mixin.py:188} INFO - [2024-12-01T13:39:35.281+0000] {dag.py:3947} INFO - Setting next_dagrun for weather_data_kafka_dag to 2024-12-01 13:00:00+00:00, run_after=2024-12-01 14:00:00+00:00
[2024-12-01T13:39:36.020+0000] {processor.py:183} INFO - Processing /opt/airflow/dags/kafka_stream.py took 6.982 seconds
[2024-12-01T13:40:07.402+0000] {processor.py:161} INFO - Started process (PID=16401) to work on /opt/airflow/dags/kafka_stream.py
[2024-12-01T13:40:07.404+0000] {processor.py:830} INFO - Processing file /opt/airflow/dags/kafka_stream.py for tasks to queue
[2024-12-01T13:40:07.418+0000] {logging_mixin.py:188} INFO - [2024-12-01T13:40:07.417+0000] {dagbag.py:545} INFO - Filling up the DagBag from /opt/airflow/dags/kafka_stream.py
[2024-12-01T13:40:13.988+0000] {processor.py:840} INFO - DAG(s) 'weather_data_kafka_dag' retrieved from /opt/airflow/dags/kafka_stream.py
[2024-12-01T13:40:14.250+0000] {logging_mixin.py:188} INFO - [2024-12-01T13:40:14.249+0000] {dag.py:3089} INFO - Sync 1 DAGs
[2024-12-01T13:40:14.415+0000] {logging_mixin.py:188} INFO - [2024-12-01T13:40:14.414+0000] {dag.py:3947} INFO - Setting next_dagrun for weather_data_kafka_dag to 2024-12-01 13:00:00+00:00, run_after=2024-12-01 14:00:00+00:00
[2024-12-01T13:40:14.611+0000] {processor.py:183} INFO - Processing /opt/airflow/dags/kafka_stream.py took 7.257 seconds
[2024-12-01T13:40:45.410+0000] {processor.py:161} INFO - Started process (PID=16465) to work on /opt/airflow/dags/kafka_stream.py
[2024-12-01T13:40:45.412+0000] {processor.py:830} INFO - Processing file /opt/airflow/dags/kafka_stream.py for tasks to queue
[2024-12-01T13:40:45.414+0000] {logging_mixin.py:188} INFO - [2024-12-01T13:40:45.413+0000] {dagbag.py:545} INFO - Filling up the DagBag from /opt/airflow/dags/kafka_stream.py
[2024-12-01T13:40:46.538+0000] {processor.py:840} INFO - DAG(s) 'weather_data_kafka_dag' retrieved from /opt/airflow/dags/kafka_stream.py
[2024-12-01T13:40:46.578+0000] {logging_mixin.py:188} INFO - [2024-12-01T13:40:46.578+0000] {dag.py:3089} INFO - Sync 1 DAGs
[2024-12-01T13:40:46.616+0000] {logging_mixin.py:188} INFO - [2024-12-01T13:40:46.616+0000] {dag.py:3947} INFO - Setting next_dagrun for weather_data_kafka_dag to 2024-12-01 13:00:00+00:00, run_after=2024-12-01 14:00:00+00:00
[2024-12-01T13:40:46.647+0000] {processor.py:183} INFO - Processing /opt/airflow/dags/kafka_stream.py took 1.247 seconds
[2024-12-01T13:41:16.798+0000] {processor.py:161} INFO - Started process (PID=16476) to work on /opt/airflow/dags/kafka_stream.py
[2024-12-01T13:41:16.799+0000] {processor.py:830} INFO - Processing file /opt/airflow/dags/kafka_stream.py for tasks to queue
[2024-12-01T13:41:16.805+0000] {logging_mixin.py:188} INFO - [2024-12-01T13:41:16.804+0000] {dagbag.py:545} INFO - Filling up the DagBag from /opt/airflow/dags/kafka_stream.py
[2024-12-01T13:41:19.479+0000] {processor.py:840} INFO - DAG(s) 'weather_data_kafka_dag' retrieved from /opt/airflow/dags/kafka_stream.py
[2024-12-01T13:41:19.570+0000] {logging_mixin.py:188} INFO - [2024-12-01T13:41:19.569+0000] {dag.py:3089} INFO - Sync 1 DAGs
[2024-12-01T13:41:19.691+0000] {logging_mixin.py:188} INFO - [2024-12-01T13:41:19.691+0000] {dag.py:3947} INFO - Setting next_dagrun for weather_data_kafka_dag to 2024-12-01 13:00:00+00:00, run_after=2024-12-01 14:00:00+00:00
[2024-12-01T13:41:19.788+0000] {processor.py:183} INFO - Processing /opt/airflow/dags/kafka_stream.py took 3.004 seconds
[2024-12-01T13:41:50.339+0000] {processor.py:161} INFO - Started process (PID=16489) to work on /opt/airflow/dags/kafka_stream.py
[2024-12-01T13:41:50.341+0000] {processor.py:830} INFO - Processing file /opt/airflow/dags/kafka_stream.py for tasks to queue
[2024-12-01T13:41:50.343+0000] {logging_mixin.py:188} INFO - [2024-12-01T13:41:50.342+0000] {dagbag.py:545} INFO - Filling up the DagBag from /opt/airflow/dags/kafka_stream.py
[2024-12-01T13:41:52.266+0000] {processor.py:840} INFO - DAG(s) 'weather_data_kafka_dag' retrieved from /opt/airflow/dags/kafka_stream.py
[2024-12-01T13:41:52.347+0000] {logging_mixin.py:188} INFO - [2024-12-01T13:41:52.341+0000] {dag.py:3089} INFO - Sync 1 DAGs
[2024-12-01T13:41:52.455+0000] {logging_mixin.py:188} INFO - [2024-12-01T13:41:52.454+0000] {dag.py:3947} INFO - Setting next_dagrun for weather_data_kafka_dag to 2024-12-01 13:00:00+00:00, run_after=2024-12-01 14:00:00+00:00
[2024-12-01T13:41:52.574+0000] {processor.py:183} INFO - Processing /opt/airflow/dags/kafka_stream.py took 2.247 seconds
[2024-12-01T13:42:22.810+0000] {processor.py:161} INFO - Started process (PID=16500) to work on /opt/airflow/dags/kafka_stream.py
[2024-12-01T13:42:22.812+0000] {processor.py:830} INFO - Processing file /opt/airflow/dags/kafka_stream.py for tasks to queue
[2024-12-01T13:42:22.815+0000] {logging_mixin.py:188} INFO - [2024-12-01T13:42:22.815+0000] {dagbag.py:545} INFO - Filling up the DagBag from /opt/airflow/dags/kafka_stream.py
[2024-12-01T13:42:23.758+0000] {processor.py:840} INFO - DAG(s) 'weather_data_kafka_dag' retrieved from /opt/airflow/dags/kafka_stream.py
[2024-12-01T13:42:23.801+0000] {logging_mixin.py:188} INFO - [2024-12-01T13:42:23.800+0000] {dag.py:3089} INFO - Sync 1 DAGs
[2024-12-01T13:42:23.834+0000] {logging_mixin.py:188} INFO - [2024-12-01T13:42:23.834+0000] {dag.py:3947} INFO - Setting next_dagrun for weather_data_kafka_dag to 2024-12-01 13:00:00+00:00, run_after=2024-12-01 14:00:00+00:00
[2024-12-01T13:42:23.869+0000] {processor.py:183} INFO - Processing /opt/airflow/dags/kafka_stream.py took 1.088 seconds
[2024-12-01T13:42:54.100+0000] {processor.py:161} INFO - Started process (PID=16512) to work on /opt/airflow/dags/kafka_stream.py
[2024-12-01T13:42:54.101+0000] {processor.py:830} INFO - Processing file /opt/airflow/dags/kafka_stream.py for tasks to queue
[2024-12-01T13:42:54.103+0000] {logging_mixin.py:188} INFO - [2024-12-01T13:42:54.103+0000] {dagbag.py:545} INFO - Filling up the DagBag from /opt/airflow/dags/kafka_stream.py
[2024-12-01T13:42:55.051+0000] {processor.py:840} INFO - DAG(s) 'weather_data_kafka_dag' retrieved from /opt/airflow/dags/kafka_stream.py
[2024-12-01T13:42:55.089+0000] {logging_mixin.py:188} INFO - [2024-12-01T13:42:55.088+0000] {dag.py:3089} INFO - Sync 1 DAGs
[2024-12-01T13:42:55.123+0000] {logging_mixin.py:188} INFO - [2024-12-01T13:42:55.123+0000] {dag.py:3947} INFO - Setting next_dagrun for weather_data_kafka_dag to 2024-12-01 13:00:00+00:00, run_after=2024-12-01 14:00:00+00:00
[2024-12-01T13:42:55.154+0000] {processor.py:183} INFO - Processing /opt/airflow/dags/kafka_stream.py took 1.063 seconds
[2024-12-01T13:43:25.614+0000] {processor.py:161} INFO - Started process (PID=16524) to work on /opt/airflow/dags/kafka_stream.py
[2024-12-01T13:43:25.615+0000] {processor.py:830} INFO - Processing file /opt/airflow/dags/kafka_stream.py for tasks to queue
[2024-12-01T13:43:25.629+0000] {logging_mixin.py:188} INFO - [2024-12-01T13:43:25.617+0000] {dagbag.py:545} INFO - Filling up the DagBag from /opt/airflow/dags/kafka_stream.py
[2024-12-01T13:43:28.908+0000] {processor.py:840} INFO - DAG(s) 'weather_data_kafka_dag' retrieved from /opt/airflow/dags/kafka_stream.py
[2024-12-01T13:43:29.195+0000] {logging_mixin.py:188} INFO - [2024-12-01T13:43:29.179+0000] {dag.py:3089} INFO - Sync 1 DAGs
[2024-12-01T13:43:29.337+0000] {logging_mixin.py:188} INFO - [2024-12-01T13:43:29.326+0000] {dag.py:3947} INFO - Setting next_dagrun for weather_data_kafka_dag to 2024-12-01 13:00:00+00:00, run_after=2024-12-01 14:00:00+00:00
[2024-12-01T13:43:29.421+0000] {processor.py:183} INFO - Processing /opt/airflow/dags/kafka_stream.py took 3.841 seconds
[2024-12-01T13:43:59.893+0000] {processor.py:161} INFO - Started process (PID=16536) to work on /opt/airflow/dags/kafka_stream.py
[2024-12-01T13:43:59.905+0000] {processor.py:830} INFO - Processing file /opt/airflow/dags/kafka_stream.py for tasks to queue
[2024-12-01T13:43:59.907+0000] {logging_mixin.py:188} INFO - [2024-12-01T13:43:59.907+0000] {dagbag.py:545} INFO - Filling up the DagBag from /opt/airflow/dags/kafka_stream.py
[2024-12-01T13:44:01.488+0000] {processor.py:840} INFO - DAG(s) 'weather_data_kafka_dag' retrieved from /opt/airflow/dags/kafka_stream.py
[2024-12-01T13:44:01.549+0000] {logging_mixin.py:188} INFO - [2024-12-01T13:44:01.548+0000] {dag.py:3089} INFO - Sync 1 DAGs
[2024-12-01T13:44:01.611+0000] {logging_mixin.py:188} INFO - [2024-12-01T13:44:01.611+0000] {dag.py:3947} INFO - Setting next_dagrun for weather_data_kafka_dag to 2024-12-01 13:00:00+00:00, run_after=2024-12-01 14:00:00+00:00
[2024-12-01T13:44:01.642+0000] {processor.py:183} INFO - Processing /opt/airflow/dags/kafka_stream.py took 1.774 seconds
[2024-12-01T13:44:32.867+0000] {processor.py:161} INFO - Started process (PID=16548) to work on /opt/airflow/dags/kafka_stream.py
[2024-12-01T13:44:32.871+0000] {processor.py:830} INFO - Processing file /opt/airflow/dags/kafka_stream.py for tasks to queue
[2024-12-01T13:44:32.883+0000] {logging_mixin.py:188} INFO - [2024-12-01T13:44:32.882+0000] {dagbag.py:545} INFO - Filling up the DagBag from /opt/airflow/dags/kafka_stream.py
[2024-12-01T13:44:36.887+0000] {processor.py:840} INFO - DAG(s) 'weather_data_kafka_dag' retrieved from /opt/airflow/dags/kafka_stream.py
[2024-12-01T13:44:37.039+0000] {logging_mixin.py:188} INFO - [2024-12-01T13:44:37.029+0000] {dag.py:3089} INFO - Sync 1 DAGs
[2024-12-01T13:44:37.184+0000] {logging_mixin.py:188} INFO - [2024-12-01T13:44:37.183+0000] {dag.py:3947} INFO - Setting next_dagrun for weather_data_kafka_dag to 2024-12-01 13:00:00+00:00, run_after=2024-12-01 14:00:00+00:00
[2024-12-01T13:44:37.281+0000] {processor.py:183} INFO - Processing /opt/airflow/dags/kafka_stream.py took 4.437 seconds
[2024-12-01T13:45:09.655+0000] {processor.py:161} INFO - Started process (PID=16566) to work on /opt/airflow/dags/kafka_stream.py
[2024-12-01T13:45:09.669+0000] {processor.py:830} INFO - Processing file /opt/airflow/dags/kafka_stream.py for tasks to queue
[2024-12-01T13:45:09.672+0000] {logging_mixin.py:188} INFO - [2024-12-01T13:45:09.671+0000] {dagbag.py:545} INFO - Filling up the DagBag from /opt/airflow/dags/kafka_stream.py
[2024-12-01T13:45:13.534+0000] {processor.py:840} INFO - DAG(s) 'weather_data_kafka_dag' retrieved from /opt/airflow/dags/kafka_stream.py
[2024-12-01T13:45:13.617+0000] {logging_mixin.py:188} INFO - [2024-12-01T13:45:13.616+0000] {dag.py:3089} INFO - Sync 1 DAGs
[2024-12-01T13:45:13.725+0000] {logging_mixin.py:188} INFO - [2024-12-01T13:45:13.724+0000] {dag.py:3947} INFO - Setting next_dagrun for weather_data_kafka_dag to 2024-12-01 13:00:00+00:00, run_after=2024-12-01 14:00:00+00:00
[2024-12-01T13:45:13.805+0000] {processor.py:183} INFO - Processing /opt/airflow/dags/kafka_stream.py took 4.171 seconds
[2024-12-01T13:45:44.671+0000] {processor.py:161} INFO - Started process (PID=16578) to work on /opt/airflow/dags/kafka_stream.py
[2024-12-01T13:45:44.674+0000] {processor.py:830} INFO - Processing file /opt/airflow/dags/kafka_stream.py for tasks to queue
[2024-12-01T13:45:44.678+0000] {logging_mixin.py:188} INFO - [2024-12-01T13:45:44.677+0000] {dagbag.py:545} INFO - Filling up the DagBag from /opt/airflow/dags/kafka_stream.py
[2024-12-01T13:45:47.252+0000] {processor.py:840} INFO - DAG(s) 'weather_data_kafka_dag' retrieved from /opt/airflow/dags/kafka_stream.py
[2024-12-01T13:45:47.304+0000] {logging_mixin.py:188} INFO - [2024-12-01T13:45:47.302+0000] {dag.py:3089} INFO - Sync 1 DAGs
[2024-12-01T13:45:47.352+0000] {logging_mixin.py:188} INFO - [2024-12-01T13:45:47.351+0000] {dag.py:3947} INFO - Setting next_dagrun for weather_data_kafka_dag to 2024-12-01 13:00:00+00:00, run_after=2024-12-01 14:00:00+00:00
[2024-12-01T13:45:47.406+0000] {processor.py:183} INFO - Processing /opt/airflow/dags/kafka_stream.py took 2.758 seconds
[2024-12-01T13:46:18.375+0000] {processor.py:161} INFO - Started process (PID=16590) to work on /opt/airflow/dags/kafka_stream.py
[2024-12-01T13:46:18.376+0000] {processor.py:830} INFO - Processing file /opt/airflow/dags/kafka_stream.py for tasks to queue
[2024-12-01T13:46:18.380+0000] {logging_mixin.py:188} INFO - [2024-12-01T13:46:18.380+0000] {dagbag.py:545} INFO - Filling up the DagBag from /opt/airflow/dags/kafka_stream.py
[2024-12-01T13:46:20.243+0000] {processor.py:840} INFO - DAG(s) 'weather_data_kafka_dag' retrieved from /opt/airflow/dags/kafka_stream.py
[2024-12-01T13:46:20.338+0000] {logging_mixin.py:188} INFO - [2024-12-01T13:46:20.338+0000] {dag.py:3089} INFO - Sync 1 DAGs
[2024-12-01T13:46:20.396+0000] {logging_mixin.py:188} INFO - [2024-12-01T13:46:20.396+0000] {dag.py:3947} INFO - Setting next_dagrun for weather_data_kafka_dag to 2024-12-01 13:00:00+00:00, run_after=2024-12-01 14:00:00+00:00
[2024-12-01T13:46:20.438+0000] {processor.py:183} INFO - Processing /opt/airflow/dags/kafka_stream.py took 2.095 seconds
[2024-12-01T13:46:50.809+0000] {processor.py:161} INFO - Started process (PID=16602) to work on /opt/airflow/dags/kafka_stream.py
[2024-12-01T13:46:50.810+0000] {processor.py:830} INFO - Processing file /opt/airflow/dags/kafka_stream.py for tasks to queue
[2024-12-01T13:46:50.812+0000] {logging_mixin.py:188} INFO - [2024-12-01T13:46:50.812+0000] {dagbag.py:545} INFO - Filling up the DagBag from /opt/airflow/dags/kafka_stream.py
[2024-12-01T13:46:51.907+0000] {processor.py:840} INFO - DAG(s) 'weather_data_kafka_dag' retrieved from /opt/airflow/dags/kafka_stream.py
[2024-12-01T13:46:51.949+0000] {logging_mixin.py:188} INFO - [2024-12-01T13:46:51.949+0000] {dag.py:3089} INFO - Sync 1 DAGs
[2024-12-01T13:46:51.990+0000] {logging_mixin.py:188} INFO - [2024-12-01T13:46:51.990+0000] {dag.py:3947} INFO - Setting next_dagrun for weather_data_kafka_dag to 2024-12-01 13:00:00+00:00, run_after=2024-12-01 14:00:00+00:00
[2024-12-01T13:46:52.031+0000] {processor.py:183} INFO - Processing /opt/airflow/dags/kafka_stream.py took 1.233 seconds
[2024-12-01T13:47:22.811+0000] {processor.py:161} INFO - Started process (PID=16614) to work on /opt/airflow/dags/kafka_stream.py
[2024-12-01T13:47:22.813+0000] {processor.py:830} INFO - Processing file /opt/airflow/dags/kafka_stream.py for tasks to queue
[2024-12-01T13:47:22.824+0000] {logging_mixin.py:188} INFO - [2024-12-01T13:47:22.815+0000] {dagbag.py:545} INFO - Filling up the DagBag from /opt/airflow/dags/kafka_stream.py
[2024-12-01T13:47:27.578+0000] {processor.py:840} INFO - DAG(s) 'weather_data_kafka_dag' retrieved from /opt/airflow/dags/kafka_stream.py
[2024-12-01T13:47:27.719+0000] {logging_mixin.py:188} INFO - [2024-12-01T13:47:27.718+0000] {dag.py:3089} INFO - Sync 1 DAGs
[2024-12-01T13:47:27.834+0000] {logging_mixin.py:188} INFO - [2024-12-01T13:47:27.833+0000] {dag.py:3947} INFO - Setting next_dagrun for weather_data_kafka_dag to 2024-12-01 13:00:00+00:00, run_after=2024-12-01 14:00:00+00:00
[2024-12-01T13:47:27.987+0000] {processor.py:183} INFO - Processing /opt/airflow/dags/kafka_stream.py took 5.214 seconds
[2024-12-01T13:47:58.802+0000] {processor.py:161} INFO - Started process (PID=16626) to work on /opt/airflow/dags/kafka_stream.py
[2024-12-01T13:47:58.803+0000] {processor.py:830} INFO - Processing file /opt/airflow/dags/kafka_stream.py for tasks to queue
[2024-12-01T13:47:58.806+0000] {logging_mixin.py:188} INFO - [2024-12-01T13:47:58.805+0000] {dagbag.py:545} INFO - Filling up the DagBag from /opt/airflow/dags/kafka_stream.py
[2024-12-01T13:48:02.981+0000] {processor.py:840} INFO - DAG(s) 'weather_data_kafka_dag' retrieved from /opt/airflow/dags/kafka_stream.py
[2024-12-01T13:48:03.115+0000] {logging_mixin.py:188} INFO - [2024-12-01T13:48:03.114+0000] {dag.py:3089} INFO - Sync 1 DAGs
[2024-12-01T13:48:03.371+0000] {logging_mixin.py:188} INFO - [2024-12-01T13:48:03.370+0000] {dag.py:3947} INFO - Setting next_dagrun for weather_data_kafka_dag to 2024-12-01 13:00:00+00:00, run_after=2024-12-01 14:00:00+00:00
[2024-12-01T13:48:03.470+0000] {processor.py:183} INFO - Processing /opt/airflow/dags/kafka_stream.py took 4.689 seconds
[2024-12-01T13:48:34.538+0000] {processor.py:161} INFO - Started process (PID=16644) to work on /opt/airflow/dags/kafka_stream.py
[2024-12-01T13:48:34.540+0000] {processor.py:830} INFO - Processing file /opt/airflow/dags/kafka_stream.py for tasks to queue
[2024-12-01T13:48:34.542+0000] {logging_mixin.py:188} INFO - [2024-12-01T13:48:34.542+0000] {dagbag.py:545} INFO - Filling up the DagBag from /opt/airflow/dags/kafka_stream.py
[2024-12-01T13:48:37.872+0000] {processor.py:840} INFO - DAG(s) 'weather_data_kafka_dag' retrieved from /opt/airflow/dags/kafka_stream.py
[2024-12-01T13:48:38.002+0000] {logging_mixin.py:188} INFO - [2024-12-01T13:48:38.001+0000] {dag.py:3089} INFO - Sync 1 DAGs
[2024-12-01T13:48:38.145+0000] {logging_mixin.py:188} INFO - [2024-12-01T13:48:38.144+0000] {dag.py:3947} INFO - Setting next_dagrun for weather_data_kafka_dag to 2024-12-01 13:00:00+00:00, run_after=2024-12-01 14:00:00+00:00
[2024-12-01T13:48:38.240+0000] {processor.py:183} INFO - Processing /opt/airflow/dags/kafka_stream.py took 3.734 seconds
[2024-12-01T13:49:08.498+0000] {processor.py:161} INFO - Started process (PID=16657) to work on /opt/airflow/dags/kafka_stream.py
[2024-12-01T13:49:08.508+0000] {processor.py:830} INFO - Processing file /opt/airflow/dags/kafka_stream.py for tasks to queue
[2024-12-01T13:49:08.511+0000] {logging_mixin.py:188} INFO - [2024-12-01T13:49:08.510+0000] {dagbag.py:545} INFO - Filling up the DagBag from /opt/airflow/dags/kafka_stream.py
[2024-12-01T13:49:11.877+0000] {processor.py:840} INFO - DAG(s) 'weather_data_kafka_dag' retrieved from /opt/airflow/dags/kafka_stream.py
[2024-12-01T13:49:11.989+0000] {logging_mixin.py:188} INFO - [2024-12-01T13:49:11.988+0000] {dag.py:3089} INFO - Sync 1 DAGs
[2024-12-01T13:49:12.178+0000] {logging_mixin.py:188} INFO - [2024-12-01T13:49:12.178+0000] {dag.py:3947} INFO - Setting next_dagrun for weather_data_kafka_dag to 2024-12-01 13:00:00+00:00, run_after=2024-12-01 14:00:00+00:00
[2024-12-01T13:49:12.290+0000] {processor.py:183} INFO - Processing /opt/airflow/dags/kafka_stream.py took 3.815 seconds
[2024-12-01T13:49:43.038+0000] {processor.py:161} INFO - Started process (PID=16669) to work on /opt/airflow/dags/kafka_stream.py
[2024-12-01T13:49:43.049+0000] {processor.py:830} INFO - Processing file /opt/airflow/dags/kafka_stream.py for tasks to queue
[2024-12-01T13:49:43.053+0000] {logging_mixin.py:188} INFO - [2024-12-01T13:49:43.053+0000] {dagbag.py:545} INFO - Filling up the DagBag from /opt/airflow/dags/kafka_stream.py
[2024-12-01T13:49:46.924+0000] {processor.py:840} INFO - DAG(s) 'weather_data_kafka_dag' retrieved from /opt/airflow/dags/kafka_stream.py
[2024-12-01T13:49:47.041+0000] {logging_mixin.py:188} INFO - [2024-12-01T13:49:47.040+0000] {dag.py:3089} INFO - Sync 1 DAGs
[2024-12-01T13:49:47.170+0000] {logging_mixin.py:188} INFO - [2024-12-01T13:49:47.159+0000] {dag.py:3947} INFO - Setting next_dagrun for weather_data_kafka_dag to 2024-12-01 13:00:00+00:00, run_after=2024-12-01 14:00:00+00:00
[2024-12-01T13:49:47.284+0000] {processor.py:183} INFO - Processing /opt/airflow/dags/kafka_stream.py took 4.272 seconds
[2024-12-01T13:50:18.351+0000] {processor.py:161} INFO - Started process (PID=16681) to work on /opt/airflow/dags/kafka_stream.py
[2024-12-01T13:50:18.352+0000] {processor.py:830} INFO - Processing file /opt/airflow/dags/kafka_stream.py for tasks to queue
[2024-12-01T13:50:18.364+0000] {logging_mixin.py:188} INFO - [2024-12-01T13:50:18.363+0000] {dagbag.py:545} INFO - Filling up the DagBag from /opt/airflow/dags/kafka_stream.py
[2024-12-01T13:50:23.219+0000] {processor.py:840} INFO - DAG(s) 'weather_data_kafka_dag' retrieved from /opt/airflow/dags/kafka_stream.py
[2024-12-01T13:50:23.395+0000] {logging_mixin.py:188} INFO - [2024-12-01T13:50:23.394+0000] {dag.py:3089} INFO - Sync 1 DAGs
[2024-12-01T13:50:23.556+0000] {logging_mixin.py:188} INFO - [2024-12-01T13:50:23.555+0000] {dag.py:3947} INFO - Setting next_dagrun for weather_data_kafka_dag to 2024-12-01 13:00:00+00:00, run_after=2024-12-01 14:00:00+00:00
[2024-12-01T13:50:23.701+0000] {processor.py:183} INFO - Processing /opt/airflow/dags/kafka_stream.py took 5.381 seconds
[2024-12-01T13:50:54.042+0000] {processor.py:161} INFO - Started process (PID=16693) to work on /opt/airflow/dags/kafka_stream.py
[2024-12-01T13:50:54.044+0000] {processor.py:830} INFO - Processing file /opt/airflow/dags/kafka_stream.py for tasks to queue
[2024-12-01T13:50:54.045+0000] {logging_mixin.py:188} INFO - [2024-12-01T13:50:54.045+0000] {dagbag.py:545} INFO - Filling up the DagBag from /opt/airflow/dags/kafka_stream.py
[2024-12-01T13:50:55.184+0000] {processor.py:840} INFO - DAG(s) 'weather_data_kafka_dag' retrieved from /opt/airflow/dags/kafka_stream.py
[2024-12-01T13:50:55.232+0000] {logging_mixin.py:188} INFO - [2024-12-01T13:50:55.231+0000] {dag.py:3089} INFO - Sync 1 DAGs
[2024-12-01T13:50:55.274+0000] {logging_mixin.py:188} INFO - [2024-12-01T13:50:55.273+0000] {dag.py:3947} INFO - Setting next_dagrun for weather_data_kafka_dag to 2024-12-01 13:00:00+00:00, run_after=2024-12-01 14:00:00+00:00
[2024-12-01T13:50:55.312+0000] {processor.py:183} INFO - Processing /opt/airflow/dags/kafka_stream.py took 1.277 seconds
[2024-12-01T13:51:25.621+0000] {processor.py:161} INFO - Started process (PID=16706) to work on /opt/airflow/dags/kafka_stream.py
[2024-12-01T13:51:25.622+0000] {processor.py:830} INFO - Processing file /opt/airflow/dags/kafka_stream.py for tasks to queue
[2024-12-01T13:51:25.624+0000] {logging_mixin.py:188} INFO - [2024-12-01T13:51:25.623+0000] {dagbag.py:545} INFO - Filling up the DagBag from /opt/airflow/dags/kafka_stream.py
[2024-12-01T13:51:26.777+0000] {processor.py:840} INFO - DAG(s) 'weather_data_kafka_dag' retrieved from /opt/airflow/dags/kafka_stream.py
[2024-12-01T13:51:26.817+0000] {logging_mixin.py:188} INFO - [2024-12-01T13:51:26.816+0000] {dag.py:3089} INFO - Sync 1 DAGs
[2024-12-01T13:51:26.856+0000] {logging_mixin.py:188} INFO - [2024-12-01T13:51:26.855+0000] {dag.py:3947} INFO - Setting next_dagrun for weather_data_kafka_dag to 2024-12-01 13:00:00+00:00, run_after=2024-12-01 14:00:00+00:00
[2024-12-01T13:51:26.897+0000] {processor.py:183} INFO - Processing /opt/airflow/dags/kafka_stream.py took 1.285 seconds
[2024-12-01T13:51:57.256+0000] {processor.py:161} INFO - Started process (PID=16718) to work on /opt/airflow/dags/kafka_stream.py
[2024-12-01T13:51:57.259+0000] {processor.py:830} INFO - Processing file /opt/airflow/dags/kafka_stream.py for tasks to queue
[2024-12-01T13:51:57.262+0000] {logging_mixin.py:188} INFO - [2024-12-01T13:51:57.261+0000] {dagbag.py:545} INFO - Filling up the DagBag from /opt/airflow/dags/kafka_stream.py
[2024-12-01T13:51:58.550+0000] {processor.py:840} INFO - DAG(s) 'weather_data_kafka_dag' retrieved from /opt/airflow/dags/kafka_stream.py
[2024-12-01T13:51:58.606+0000] {logging_mixin.py:188} INFO - [2024-12-01T13:51:58.605+0000] {dag.py:3089} INFO - Sync 1 DAGs
[2024-12-01T13:51:58.645+0000] {logging_mixin.py:188} INFO - [2024-12-01T13:51:58.645+0000] {dag.py:3947} INFO - Setting next_dagrun for weather_data_kafka_dag to 2024-12-01 13:00:00+00:00, run_after=2024-12-01 14:00:00+00:00
[2024-12-01T13:51:58.676+0000] {processor.py:183} INFO - Processing /opt/airflow/dags/kafka_stream.py took 1.434 seconds
[2024-12-01T13:52:29.559+0000] {processor.py:161} INFO - Started process (PID=16730) to work on /opt/airflow/dags/kafka_stream.py
[2024-12-01T13:52:29.579+0000] {processor.py:830} INFO - Processing file /opt/airflow/dags/kafka_stream.py for tasks to queue
[2024-12-01T13:52:29.637+0000] {logging_mixin.py:188} INFO - [2024-12-01T13:52:29.636+0000] {dagbag.py:545} INFO - Filling up the DagBag from /opt/airflow/dags/kafka_stream.py
[2024-12-01T13:52:35.533+0000] {processor.py:840} INFO - DAG(s) 'weather_data_kafka_dag' retrieved from /opt/airflow/dags/kafka_stream.py
[2024-12-01T13:52:35.675+0000] {logging_mixin.py:188} INFO - [2024-12-01T13:52:35.674+0000] {dag.py:3089} INFO - Sync 1 DAGs
[2024-12-01T13:52:35.809+0000] {logging_mixin.py:188} INFO - [2024-12-01T13:52:35.809+0000] {dag.py:3947} INFO - Setting next_dagrun for weather_data_kafka_dag to 2024-12-01 13:00:00+00:00, run_after=2024-12-01 14:00:00+00:00
[2024-12-01T13:52:36.087+0000] {processor.py:183} INFO - Processing /opt/airflow/dags/kafka_stream.py took 6.564 seconds
[2024-12-01T13:53:06.499+0000] {processor.py:161} INFO - Started process (PID=16747) to work on /opt/airflow/dags/kafka_stream.py
[2024-12-01T13:53:06.500+0000] {processor.py:830} INFO - Processing file /opt/airflow/dags/kafka_stream.py for tasks to queue
[2024-12-01T13:53:06.504+0000] {logging_mixin.py:188} INFO - [2024-12-01T13:53:06.503+0000] {dagbag.py:545} INFO - Filling up the DagBag from /opt/airflow/dags/kafka_stream.py
[2024-12-01T13:53:07.709+0000] {processor.py:840} INFO - DAG(s) 'weather_data_kafka_dag' retrieved from /opt/airflow/dags/kafka_stream.py
[2024-12-01T13:53:07.807+0000] {logging_mixin.py:188} INFO - [2024-12-01T13:53:07.807+0000] {dag.py:3089} INFO - Sync 1 DAGs
[2024-12-01T13:53:07.890+0000] {logging_mixin.py:188} INFO - [2024-12-01T13:53:07.889+0000] {dag.py:3947} INFO - Setting next_dagrun for weather_data_kafka_dag to 2024-12-01 13:00:00+00:00, run_after=2024-12-01 14:00:00+00:00
[2024-12-01T13:53:07.975+0000] {processor.py:183} INFO - Processing /opt/airflow/dags/kafka_stream.py took 1.488 seconds
[2024-12-01T13:53:38.282+0000] {processor.py:161} INFO - Started process (PID=16760) to work on /opt/airflow/dags/kafka_stream.py
[2024-12-01T13:53:38.294+0000] {processor.py:830} INFO - Processing file /opt/airflow/dags/kafka_stream.py for tasks to queue
[2024-12-01T13:53:38.296+0000] {logging_mixin.py:188} INFO - [2024-12-01T13:53:38.295+0000] {dagbag.py:545} INFO - Filling up the DagBag from /opt/airflow/dags/kafka_stream.py
[2024-12-01T13:53:39.456+0000] {processor.py:840} INFO - DAG(s) 'weather_data_kafka_dag' retrieved from /opt/airflow/dags/kafka_stream.py
[2024-12-01T13:53:39.509+0000] {logging_mixin.py:188} INFO - [2024-12-01T13:53:39.507+0000] {dag.py:3089} INFO - Sync 1 DAGs
[2024-12-01T13:53:39.547+0000] {logging_mixin.py:188} INFO - [2024-12-01T13:53:39.547+0000] {dag.py:3947} INFO - Setting next_dagrun for weather_data_kafka_dag to 2024-12-01 13:00:00+00:00, run_after=2024-12-01 14:00:00+00:00
[2024-12-01T13:53:39.581+0000] {processor.py:183} INFO - Processing /opt/airflow/dags/kafka_stream.py took 1.322 seconds
[2024-12-01T13:54:10.210+0000] {processor.py:161} INFO - Started process (PID=16772) to work on /opt/airflow/dags/kafka_stream.py
[2024-12-01T13:54:10.213+0000] {processor.py:830} INFO - Processing file /opt/airflow/dags/kafka_stream.py for tasks to queue
[2024-12-01T13:54:10.219+0000] {logging_mixin.py:188} INFO - [2024-12-01T13:54:10.218+0000] {dagbag.py:545} INFO - Filling up the DagBag from /opt/airflow/dags/kafka_stream.py
[2024-12-01T13:54:11.663+0000] {processor.py:840} INFO - DAG(s) 'weather_data_kafka_dag' retrieved from /opt/airflow/dags/kafka_stream.py
[2024-12-01T13:54:11.705+0000] {logging_mixin.py:188} INFO - [2024-12-01T13:54:11.705+0000] {dag.py:3089} INFO - Sync 1 DAGs
[2024-12-01T13:54:11.744+0000] {logging_mixin.py:188} INFO - [2024-12-01T13:54:11.744+0000] {dag.py:3947} INFO - Setting next_dagrun for weather_data_kafka_dag to 2024-12-01 13:00:00+00:00, run_after=2024-12-01 14:00:00+00:00
[2024-12-01T13:54:11.777+0000] {processor.py:183} INFO - Processing /opt/airflow/dags/kafka_stream.py took 1.587 seconds
[2024-12-01T13:54:42.597+0000] {processor.py:161} INFO - Started process (PID=16784) to work on /opt/airflow/dags/kafka_stream.py
[2024-12-01T13:54:42.601+0000] {processor.py:830} INFO - Processing file /opt/airflow/dags/kafka_stream.py for tasks to queue
[2024-12-01T13:54:42.604+0000] {logging_mixin.py:188} INFO - [2024-12-01T13:54:42.603+0000] {dagbag.py:545} INFO - Filling up the DagBag from /opt/airflow/dags/kafka_stream.py
[2024-12-01T13:54:44.852+0000] {processor.py:840} INFO - DAG(s) 'weather_data_kafka_dag' retrieved from /opt/airflow/dags/kafka_stream.py
[2024-12-01T13:54:44.940+0000] {logging_mixin.py:188} INFO - [2024-12-01T13:54:44.939+0000] {dag.py:3089} INFO - Sync 1 DAGs
[2024-12-01T13:54:45.075+0000] {logging_mixin.py:188} INFO - [2024-12-01T13:54:45.074+0000] {dag.py:3947} INFO - Setting next_dagrun for weather_data_kafka_dag to 2024-12-01 13:00:00+00:00, run_after=2024-12-01 14:00:00+00:00
[2024-12-01T13:54:45.174+0000] {processor.py:183} INFO - Processing /opt/airflow/dags/kafka_stream.py took 2.593 seconds
[2024-12-01T13:55:16.037+0000] {processor.py:161} INFO - Started process (PID=16795) to work on /opt/airflow/dags/kafka_stream.py
[2024-12-01T13:55:16.041+0000] {processor.py:830} INFO - Processing file /opt/airflow/dags/kafka_stream.py for tasks to queue
[2024-12-01T13:55:16.043+0000] {logging_mixin.py:188} INFO - [2024-12-01T13:55:16.043+0000] {dagbag.py:545} INFO - Filling up the DagBag from /opt/airflow/dags/kafka_stream.py
[2024-12-01T13:55:17.689+0000] {processor.py:840} INFO - DAG(s) 'weather_data_kafka_dag' retrieved from /opt/airflow/dags/kafka_stream.py
[2024-12-01T13:55:17.735+0000] {logging_mixin.py:188} INFO - [2024-12-01T13:55:17.734+0000] {dag.py:3089} INFO - Sync 1 DAGs
[2024-12-01T13:55:17.785+0000] {logging_mixin.py:188} INFO - [2024-12-01T13:55:17.785+0000] {dag.py:3947} INFO - Setting next_dagrun for weather_data_kafka_dag to 2024-12-01 13:00:00+00:00, run_after=2024-12-01 14:00:00+00:00
[2024-12-01T13:55:17.837+0000] {processor.py:183} INFO - Processing /opt/airflow/dags/kafka_stream.py took 1.831 seconds
[2024-12-01T13:55:48.457+0000] {processor.py:161} INFO - Started process (PID=16806) to work on /opt/airflow/dags/kafka_stream.py
[2024-12-01T13:55:48.459+0000] {processor.py:830} INFO - Processing file /opt/airflow/dags/kafka_stream.py for tasks to queue
[2024-12-01T13:55:48.461+0000] {logging_mixin.py:188} INFO - [2024-12-01T13:55:48.460+0000] {dagbag.py:545} INFO - Filling up the DagBag from /opt/airflow/dags/kafka_stream.py
[2024-12-01T13:55:49.720+0000] {processor.py:840} INFO - DAG(s) 'weather_data_kafka_dag' retrieved from /opt/airflow/dags/kafka_stream.py
[2024-12-01T13:55:49.768+0000] {logging_mixin.py:188} INFO - [2024-12-01T13:55:49.767+0000] {dag.py:3089} INFO - Sync 1 DAGs
[2024-12-01T13:55:49.813+0000] {logging_mixin.py:188} INFO - [2024-12-01T13:55:49.812+0000] {dag.py:3947} INFO - Setting next_dagrun for weather_data_kafka_dag to 2024-12-01 13:00:00+00:00, run_after=2024-12-01 14:00:00+00:00
[2024-12-01T13:55:49.853+0000] {processor.py:183} INFO - Processing /opt/airflow/dags/kafka_stream.py took 1.404 seconds
[2024-12-01T13:56:20.710+0000] {processor.py:161} INFO - Started process (PID=16818) to work on /opt/airflow/dags/kafka_stream.py
[2024-12-01T13:56:20.720+0000] {processor.py:830} INFO - Processing file /opt/airflow/dags/kafka_stream.py for tasks to queue
[2024-12-01T13:56:20.739+0000] {logging_mixin.py:188} INFO - [2024-12-01T13:56:20.738+0000] {dagbag.py:545} INFO - Filling up the DagBag from /opt/airflow/dags/kafka_stream.py
[2024-12-01T13:56:23.223+0000] {processor.py:840} INFO - DAG(s) 'weather_data_kafka_dag' retrieved from /opt/airflow/dags/kafka_stream.py
[2024-12-01T13:56:23.275+0000] {logging_mixin.py:188} INFO - [2024-12-01T13:56:23.275+0000] {dag.py:3089} INFO - Sync 1 DAGs
[2024-12-01T13:56:23.305+0000] {logging_mixin.py:188} INFO - [2024-12-01T13:56:23.305+0000] {dag.py:3947} INFO - Setting next_dagrun for weather_data_kafka_dag to 2024-12-01 13:00:00+00:00, run_after=2024-12-01 14:00:00+00:00
[2024-12-01T13:56:23.334+0000] {processor.py:183} INFO - Processing /opt/airflow/dags/kafka_stream.py took 2.657 seconds
[2024-12-01T13:56:53.793+0000] {processor.py:161} INFO - Started process (PID=16830) to work on /opt/airflow/dags/kafka_stream.py
[2024-12-01T13:56:53.797+0000] {processor.py:830} INFO - Processing file /opt/airflow/dags/kafka_stream.py for tasks to queue
[2024-12-01T13:56:53.800+0000] {logging_mixin.py:188} INFO - [2024-12-01T13:56:53.799+0000] {dagbag.py:545} INFO - Filling up the DagBag from /opt/airflow/dags/kafka_stream.py
[2024-12-01T13:56:55.115+0000] {processor.py:840} INFO - DAG(s) 'weather_data_kafka_dag' retrieved from /opt/airflow/dags/kafka_stream.py
[2024-12-01T13:56:55.167+0000] {logging_mixin.py:188} INFO - [2024-12-01T13:56:55.166+0000] {dag.py:3089} INFO - Sync 1 DAGs
[2024-12-01T13:56:55.211+0000] {logging_mixin.py:188} INFO - [2024-12-01T13:56:55.211+0000] {dag.py:3947} INFO - Setting next_dagrun for weather_data_kafka_dag to 2024-12-01 13:00:00+00:00, run_after=2024-12-01 14:00:00+00:00
[2024-12-01T13:56:55.263+0000] {processor.py:183} INFO - Processing /opt/airflow/dags/kafka_stream.py took 1.522 seconds
[2024-12-01T13:57:25.879+0000] {processor.py:161} INFO - Started process (PID=16842) to work on /opt/airflow/dags/kafka_stream.py
[2024-12-01T13:57:25.881+0000] {processor.py:830} INFO - Processing file /opt/airflow/dags/kafka_stream.py for tasks to queue
[2024-12-01T13:57:25.886+0000] {logging_mixin.py:188} INFO - [2024-12-01T13:57:25.884+0000] {dagbag.py:545} INFO - Filling up the DagBag from /opt/airflow/dags/kafka_stream.py
[2024-12-01T13:57:27.539+0000] {processor.py:840} INFO - DAG(s) 'weather_data_kafka_dag' retrieved from /opt/airflow/dags/kafka_stream.py
[2024-12-01T13:57:27.616+0000] {logging_mixin.py:188} INFO - [2024-12-01T13:57:27.613+0000] {dag.py:3089} INFO - Sync 1 DAGs
[2024-12-01T13:57:27.678+0000] {logging_mixin.py:188} INFO - [2024-12-01T13:57:27.678+0000] {dag.py:3947} INFO - Setting next_dagrun for weather_data_kafka_dag to 2024-12-01 13:00:00+00:00, run_after=2024-12-01 14:00:00+00:00
[2024-12-01T13:57:27.723+0000] {processor.py:183} INFO - Processing /opt/airflow/dags/kafka_stream.py took 1.865 seconds
[2024-12-01T13:57:58.318+0000] {processor.py:161} INFO - Started process (PID=16854) to work on /opt/airflow/dags/kafka_stream.py
[2024-12-01T13:57:58.320+0000] {processor.py:830} INFO - Processing file /opt/airflow/dags/kafka_stream.py for tasks to queue
[2024-12-01T13:57:58.322+0000] {logging_mixin.py:188} INFO - [2024-12-01T13:57:58.321+0000] {dagbag.py:545} INFO - Filling up the DagBag from /opt/airflow/dags/kafka_stream.py
[2024-12-01T13:57:59.367+0000] {processor.py:840} INFO - DAG(s) 'weather_data_kafka_dag' retrieved from /opt/airflow/dags/kafka_stream.py
[2024-12-01T13:57:59.403+0000] {logging_mixin.py:188} INFO - [2024-12-01T13:57:59.403+0000] {dag.py:3089} INFO - Sync 1 DAGs
[2024-12-01T13:57:59.438+0000] {logging_mixin.py:188} INFO - [2024-12-01T13:57:59.438+0000] {dag.py:3947} INFO - Setting next_dagrun for weather_data_kafka_dag to 2024-12-01 13:00:00+00:00, run_after=2024-12-01 14:00:00+00:00
[2024-12-01T13:57:59.471+0000] {processor.py:183} INFO - Processing /opt/airflow/dags/kafka_stream.py took 1.169 seconds
[2024-12-01T13:58:29.754+0000] {processor.py:161} INFO - Started process (PID=16866) to work on /opt/airflow/dags/kafka_stream.py
[2024-12-01T13:58:29.756+0000] {processor.py:830} INFO - Processing file /opt/airflow/dags/kafka_stream.py for tasks to queue
[2024-12-01T13:58:29.758+0000] {logging_mixin.py:188} INFO - [2024-12-01T13:58:29.757+0000] {dagbag.py:545} INFO - Filling up the DagBag from /opt/airflow/dags/kafka_stream.py
[2024-12-01T13:58:31.774+0000] {processor.py:840} INFO - DAG(s) 'weather_data_kafka_dag' retrieved from /opt/airflow/dags/kafka_stream.py
[2024-12-01T13:58:31.833+0000] {logging_mixin.py:188} INFO - [2024-12-01T13:58:31.832+0000] {dag.py:3089} INFO - Sync 1 DAGs
[2024-12-01T13:58:31.901+0000] {logging_mixin.py:188} INFO - [2024-12-01T13:58:31.900+0000] {dag.py:3947} INFO - Setting next_dagrun for weather_data_kafka_dag to 2024-12-01 13:00:00+00:00, run_after=2024-12-01 14:00:00+00:00
[2024-12-01T13:58:31.951+0000] {processor.py:183} INFO - Processing /opt/airflow/dags/kafka_stream.py took 2.205 seconds
[2024-12-01T13:59:02.075+0000] {processor.py:161} INFO - Started process (PID=16878) to work on /opt/airflow/dags/kafka_stream.py
[2024-12-01T13:59:02.076+0000] {processor.py:830} INFO - Processing file /opt/airflow/dags/kafka_stream.py for tasks to queue
[2024-12-01T13:59:02.078+0000] {logging_mixin.py:188} INFO - [2024-12-01T13:59:02.077+0000] {dagbag.py:545} INFO - Filling up the DagBag from /opt/airflow/dags/kafka_stream.py
[2024-12-01T13:59:02.867+0000] {processor.py:840} INFO - DAG(s) 'weather_data_kafka_dag' retrieved from /opt/airflow/dags/kafka_stream.py
[2024-12-01T13:59:02.914+0000] {logging_mixin.py:188} INFO - [2024-12-01T13:59:02.914+0000] {dag.py:3089} INFO - Sync 1 DAGs
[2024-12-01T13:59:02.957+0000] {logging_mixin.py:188} INFO - [2024-12-01T13:59:02.956+0000] {dag.py:3947} INFO - Setting next_dagrun for weather_data_kafka_dag to 2024-12-01 13:00:00+00:00, run_after=2024-12-01 14:00:00+00:00
[2024-12-01T13:59:02.993+0000] {processor.py:183} INFO - Processing /opt/airflow/dags/kafka_stream.py took 0.926 seconds
[2024-12-01T13:59:33.678+0000] {processor.py:161} INFO - Started process (PID=16890) to work on /opt/airflow/dags/kafka_stream.py
[2024-12-01T13:59:33.680+0000] {processor.py:830} INFO - Processing file /opt/airflow/dags/kafka_stream.py for tasks to queue
[2024-12-01T13:59:33.682+0000] {logging_mixin.py:188} INFO - [2024-12-01T13:59:33.682+0000] {dagbag.py:545} INFO - Filling up the DagBag from /opt/airflow/dags/kafka_stream.py
[2024-12-01T13:59:34.805+0000] {processor.py:840} INFO - DAG(s) 'weather_data_kafka_dag' retrieved from /opt/airflow/dags/kafka_stream.py
[2024-12-01T13:59:34.854+0000] {logging_mixin.py:188} INFO - [2024-12-01T13:59:34.854+0000] {dag.py:3089} INFO - Sync 1 DAGs
[2024-12-01T13:59:34.921+0000] {logging_mixin.py:188} INFO - [2024-12-01T13:59:34.921+0000] {dag.py:3947} INFO - Setting next_dagrun for weather_data_kafka_dag to 2024-12-01 13:00:00+00:00, run_after=2024-12-01 14:00:00+00:00
[2024-12-01T13:59:35.009+0000] {processor.py:183} INFO - Processing /opt/airflow/dags/kafka_stream.py took 1.342 seconds
[2024-12-01T14:00:05.359+0000] {processor.py:161} INFO - Started process (PID=16909) to work on /opt/airflow/dags/kafka_stream.py
[2024-12-01T14:00:05.360+0000] {processor.py:830} INFO - Processing file /opt/airflow/dags/kafka_stream.py for tasks to queue
[2024-12-01T14:00:05.363+0000] {logging_mixin.py:188} INFO - [2024-12-01T14:00:05.362+0000] {dagbag.py:545} INFO - Filling up the DagBag from /opt/airflow/dags/kafka_stream.py
[2024-12-01T14:00:06.139+0000] {processor.py:840} INFO - DAG(s) 'weather_data_kafka_dag' retrieved from /opt/airflow/dags/kafka_stream.py
[2024-12-01T14:00:06.192+0000] {logging_mixin.py:188} INFO - [2024-12-01T14:00:06.191+0000] {dag.py:3089} INFO - Sync 1 DAGs
[2024-12-01T14:00:06.236+0000] {logging_mixin.py:188} INFO - [2024-12-01T14:00:06.235+0000] {dag.py:3947} INFO - Setting next_dagrun for weather_data_kafka_dag to 2024-12-01 14:00:00+00:00, run_after=2024-12-01 15:00:00+00:00
[2024-12-01T14:00:06.287+0000] {processor.py:183} INFO - Processing /opt/airflow/dags/kafka_stream.py took 0.941 seconds
[2024-12-01T14:00:36.489+0000] {processor.py:161} INFO - Started process (PID=16987) to work on /opt/airflow/dags/kafka_stream.py
[2024-12-01T14:00:36.491+0000] {processor.py:830} INFO - Processing file /opt/airflow/dags/kafka_stream.py for tasks to queue
[2024-12-01T14:00:36.492+0000] {logging_mixin.py:188} INFO - [2024-12-01T14:00:36.492+0000] {dagbag.py:545} INFO - Filling up the DagBag from /opt/airflow/dags/kafka_stream.py
[2024-12-01T14:00:37.393+0000] {processor.py:840} INFO - DAG(s) 'weather_data_kafka_dag' retrieved from /opt/airflow/dags/kafka_stream.py
[2024-12-01T14:00:37.436+0000] {logging_mixin.py:188} INFO - [2024-12-01T14:00:37.435+0000] {dag.py:3089} INFO - Sync 1 DAGs
[2024-12-01T14:00:37.479+0000] {logging_mixin.py:188} INFO - [2024-12-01T14:00:37.479+0000] {dag.py:3947} INFO - Setting next_dagrun for weather_data_kafka_dag to 2024-12-01 14:00:00+00:00, run_after=2024-12-01 15:00:00+00:00
[2024-12-01T14:00:37.514+0000] {processor.py:183} INFO - Processing /opt/airflow/dags/kafka_stream.py took 1.040 seconds
[2024-12-01T14:01:08.145+0000] {processor.py:161} INFO - Started process (PID=17016) to work on /opt/airflow/dags/kafka_stream.py
[2024-12-01T14:01:08.146+0000] {processor.py:830} INFO - Processing file /opt/airflow/dags/kafka_stream.py for tasks to queue
[2024-12-01T14:01:08.148+0000] {logging_mixin.py:188} INFO - [2024-12-01T14:01:08.148+0000] {dagbag.py:545} INFO - Filling up the DagBag from /opt/airflow/dags/kafka_stream.py
[2024-12-01T14:01:09.227+0000] {processor.py:840} INFO - DAG(s) 'weather_data_kafka_dag' retrieved from /opt/airflow/dags/kafka_stream.py
[2024-12-01T14:01:09.287+0000] {logging_mixin.py:188} INFO - [2024-12-01T14:01:09.286+0000] {dag.py:3089} INFO - Sync 1 DAGs
[2024-12-01T14:01:09.343+0000] {logging_mixin.py:188} INFO - [2024-12-01T14:01:09.343+0000] {dag.py:3947} INFO - Setting next_dagrun for weather_data_kafka_dag to 2024-12-01 14:00:00+00:00, run_after=2024-12-01 15:00:00+00:00
[2024-12-01T14:01:09.395+0000] {processor.py:183} INFO - Processing /opt/airflow/dags/kafka_stream.py took 1.259 seconds
[2024-12-01T14:01:39.488+0000] {processor.py:161} INFO - Started process (PID=17028) to work on /opt/airflow/dags/kafka_stream.py
[2024-12-01T14:01:39.489+0000] {processor.py:830} INFO - Processing file /opt/airflow/dags/kafka_stream.py for tasks to queue
[2024-12-01T14:01:39.491+0000] {logging_mixin.py:188} INFO - [2024-12-01T14:01:39.491+0000] {dagbag.py:545} INFO - Filling up the DagBag from /opt/airflow/dags/kafka_stream.py
[2024-12-01T14:01:40.147+0000] {processor.py:840} INFO - DAG(s) 'weather_data_kafka_dag' retrieved from /opt/airflow/dags/kafka_stream.py
[2024-12-01T14:01:40.188+0000] {logging_mixin.py:188} INFO - [2024-12-01T14:01:40.187+0000] {dag.py:3089} INFO - Sync 1 DAGs
[2024-12-01T14:01:40.231+0000] {logging_mixin.py:188} INFO - [2024-12-01T14:01:40.231+0000] {dag.py:3947} INFO - Setting next_dagrun for weather_data_kafka_dag to 2024-12-01 14:00:00+00:00, run_after=2024-12-01 15:00:00+00:00
[2024-12-01T14:01:40.308+0000] {processor.py:183} INFO - Processing /opt/airflow/dags/kafka_stream.py took 0.828 seconds
[2024-12-01T14:02:10.651+0000] {processor.py:161} INFO - Started process (PID=17039) to work on /opt/airflow/dags/kafka_stream.py
[2024-12-01T14:02:10.652+0000] {processor.py:830} INFO - Processing file /opt/airflow/dags/kafka_stream.py for tasks to queue
[2024-12-01T14:02:10.654+0000] {logging_mixin.py:188} INFO - [2024-12-01T14:02:10.653+0000] {dagbag.py:545} INFO - Filling up the DagBag from /opt/airflow/dags/kafka_stream.py
[2024-12-01T14:02:11.493+0000] {processor.py:840} INFO - DAG(s) 'weather_data_kafka_dag' retrieved from /opt/airflow/dags/kafka_stream.py
[2024-12-01T14:02:11.564+0000] {logging_mixin.py:188} INFO - [2024-12-01T14:02:11.563+0000] {dag.py:3089} INFO - Sync 1 DAGs
[2024-12-01T14:02:11.607+0000] {logging_mixin.py:188} INFO - [2024-12-01T14:02:11.607+0000] {dag.py:3947} INFO - Setting next_dagrun for weather_data_kafka_dag to 2024-12-01 14:00:00+00:00, run_after=2024-12-01 15:00:00+00:00
[2024-12-01T14:02:11.642+0000] {processor.py:183} INFO - Processing /opt/airflow/dags/kafka_stream.py took 1.004 seconds
[2024-12-01T14:02:41.906+0000] {processor.py:161} INFO - Started process (PID=17052) to work on /opt/airflow/dags/kafka_stream.py
[2024-12-01T14:02:41.908+0000] {processor.py:830} INFO - Processing file /opt/airflow/dags/kafka_stream.py for tasks to queue
[2024-12-01T14:02:41.910+0000] {logging_mixin.py:188} INFO - [2024-12-01T14:02:41.909+0000] {dagbag.py:545} INFO - Filling up the DagBag from /opt/airflow/dags/kafka_stream.py
[2024-12-01T14:02:42.988+0000] {processor.py:840} INFO - DAG(s) 'weather_data_kafka_dag' retrieved from /opt/airflow/dags/kafka_stream.py
[2024-12-01T14:02:43.033+0000] {logging_mixin.py:188} INFO - [2024-12-01T14:02:43.032+0000] {dag.py:3089} INFO - Sync 1 DAGs
[2024-12-01T14:02:43.084+0000] {logging_mixin.py:188} INFO - [2024-12-01T14:02:43.083+0000] {dag.py:3947} INFO - Setting next_dagrun for weather_data_kafka_dag to 2024-12-01 14:00:00+00:00, run_after=2024-12-01 15:00:00+00:00
[2024-12-01T14:02:43.123+0000] {processor.py:183} INFO - Processing /opt/airflow/dags/kafka_stream.py took 1.233 seconds
[2024-12-01T14:03:13.429+0000] {processor.py:161} INFO - Started process (PID=17064) to work on /opt/airflow/dags/kafka_stream.py
[2024-12-01T14:03:13.434+0000] {processor.py:830} INFO - Processing file /opt/airflow/dags/kafka_stream.py for tasks to queue
[2024-12-01T14:03:13.437+0000] {logging_mixin.py:188} INFO - [2024-12-01T14:03:13.437+0000] {dagbag.py:545} INFO - Filling up the DagBag from /opt/airflow/dags/kafka_stream.py
[2024-12-01T14:03:14.542+0000] {processor.py:840} INFO - DAG(s) 'weather_data_kafka_dag' retrieved from /opt/airflow/dags/kafka_stream.py
[2024-12-01T14:03:14.582+0000] {logging_mixin.py:188} INFO - [2024-12-01T14:03:14.581+0000] {dag.py:3089} INFO - Sync 1 DAGs
[2024-12-01T14:03:14.619+0000] {logging_mixin.py:188} INFO - [2024-12-01T14:03:14.618+0000] {dag.py:3947} INFO - Setting next_dagrun for weather_data_kafka_dag to 2024-12-01 14:00:00+00:00, run_after=2024-12-01 15:00:00+00:00
[2024-12-01T14:03:14.653+0000] {processor.py:183} INFO - Processing /opt/airflow/dags/kafka_stream.py took 1.242 seconds
[2024-12-01T14:03:44.921+0000] {processor.py:161} INFO - Started process (PID=17077) to work on /opt/airflow/dags/kafka_stream.py
[2024-12-01T14:03:44.922+0000] {processor.py:830} INFO - Processing file /opt/airflow/dags/kafka_stream.py for tasks to queue
[2024-12-01T14:03:44.924+0000] {logging_mixin.py:188} INFO - [2024-12-01T14:03:44.923+0000] {dagbag.py:545} INFO - Filling up the DagBag from /opt/airflow/dags/kafka_stream.py
[2024-12-01T14:03:45.612+0000] {processor.py:840} INFO - DAG(s) 'weather_data_kafka_dag' retrieved from /opt/airflow/dags/kafka_stream.py
[2024-12-01T14:03:45.651+0000] {logging_mixin.py:188} INFO - [2024-12-01T14:03:45.651+0000] {dag.py:3089} INFO - Sync 1 DAGs
[2024-12-01T14:03:45.689+0000] {logging_mixin.py:188} INFO - [2024-12-01T14:03:45.689+0000] {dag.py:3947} INFO - Setting next_dagrun for weather_data_kafka_dag to 2024-12-01 14:00:00+00:00, run_after=2024-12-01 15:00:00+00:00
[2024-12-01T14:03:45.721+0000] {processor.py:183} INFO - Processing /opt/airflow/dags/kafka_stream.py took 0.809 seconds
[2024-12-01T14:04:15.894+0000] {processor.py:161} INFO - Started process (PID=17089) to work on /opt/airflow/dags/kafka_stream.py
[2024-12-01T14:04:15.896+0000] {processor.py:830} INFO - Processing file /opt/airflow/dags/kafka_stream.py for tasks to queue
[2024-12-01T14:04:15.898+0000] {logging_mixin.py:188} INFO - [2024-12-01T14:04:15.898+0000] {dagbag.py:545} INFO - Filling up the DagBag from /opt/airflow/dags/kafka_stream.py
[2024-12-01T14:04:16.665+0000] {processor.py:840} INFO - DAG(s) 'weather_data_kafka_dag' retrieved from /opt/airflow/dags/kafka_stream.py
[2024-12-01T14:04:16.703+0000] {logging_mixin.py:188} INFO - [2024-12-01T14:04:16.702+0000] {dag.py:3089} INFO - Sync 1 DAGs
[2024-12-01T14:04:16.744+0000] {logging_mixin.py:188} INFO - [2024-12-01T14:04:16.743+0000] {dag.py:3947} INFO - Setting next_dagrun for weather_data_kafka_dag to 2024-12-01 14:00:00+00:00, run_after=2024-12-01 15:00:00+00:00
[2024-12-01T14:04:16.782+0000] {processor.py:183} INFO - Processing /opt/airflow/dags/kafka_stream.py took 0.896 seconds
[2024-12-01T14:04:47.171+0000] {processor.py:161} INFO - Started process (PID=17102) to work on /opt/airflow/dags/kafka_stream.py
[2024-12-01T14:04:47.172+0000] {processor.py:830} INFO - Processing file /opt/airflow/dags/kafka_stream.py for tasks to queue
[2024-12-01T14:04:47.174+0000] {logging_mixin.py:188} INFO - [2024-12-01T14:04:47.174+0000] {dagbag.py:545} INFO - Filling up the DagBag from /opt/airflow/dags/kafka_stream.py
[2024-12-01T14:04:47.860+0000] {processor.py:840} INFO - DAG(s) 'weather_data_kafka_dag' retrieved from /opt/airflow/dags/kafka_stream.py
[2024-12-01T14:04:47.902+0000] {logging_mixin.py:188} INFO - [2024-12-01T14:04:47.901+0000] {dag.py:3089} INFO - Sync 1 DAGs
[2024-12-01T14:04:47.950+0000] {logging_mixin.py:188} INFO - [2024-12-01T14:04:47.950+0000] {dag.py:3947} INFO - Setting next_dagrun for weather_data_kafka_dag to 2024-12-01 14:00:00+00:00, run_after=2024-12-01 15:00:00+00:00
[2024-12-01T14:04:47.983+0000] {processor.py:183} INFO - Processing /opt/airflow/dags/kafka_stream.py took 0.823 seconds
[2024-12-01T14:05:18.274+0000] {processor.py:161} INFO - Started process (PID=17114) to work on /opt/airflow/dags/kafka_stream.py
[2024-12-01T14:05:18.275+0000] {processor.py:830} INFO - Processing file /opt/airflow/dags/kafka_stream.py for tasks to queue
[2024-12-01T14:05:18.277+0000] {logging_mixin.py:188} INFO - [2024-12-01T14:05:18.276+0000] {dagbag.py:545} INFO - Filling up the DagBag from /opt/airflow/dags/kafka_stream.py
[2024-12-01T14:05:19.039+0000] {processor.py:840} INFO - DAG(s) 'weather_data_kafka_dag' retrieved from /opt/airflow/dags/kafka_stream.py
[2024-12-01T14:05:19.086+0000] {logging_mixin.py:188} INFO - [2024-12-01T14:05:19.085+0000] {dag.py:3089} INFO - Sync 1 DAGs
[2024-12-01T14:05:19.128+0000] {logging_mixin.py:188} INFO - [2024-12-01T14:05:19.128+0000] {dag.py:3947} INFO - Setting next_dagrun for weather_data_kafka_dag to 2024-12-01 14:00:00+00:00, run_after=2024-12-01 15:00:00+00:00
[2024-12-01T14:05:19.162+0000] {processor.py:183} INFO - Processing /opt/airflow/dags/kafka_stream.py took 0.898 seconds
[2024-12-01T14:05:49.436+0000] {processor.py:161} INFO - Started process (PID=17126) to work on /opt/airflow/dags/kafka_stream.py
[2024-12-01T14:05:49.437+0000] {processor.py:830} INFO - Processing file /opt/airflow/dags/kafka_stream.py for tasks to queue
[2024-12-01T14:05:49.439+0000] {logging_mixin.py:188} INFO - [2024-12-01T14:05:49.438+0000] {dagbag.py:545} INFO - Filling up the DagBag from /opt/airflow/dags/kafka_stream.py
[2024-12-01T14:05:50.174+0000] {processor.py:840} INFO - DAG(s) 'weather_data_kafka_dag' retrieved from /opt/airflow/dags/kafka_stream.py
[2024-12-01T14:05:50.213+0000] {logging_mixin.py:188} INFO - [2024-12-01T14:05:50.212+0000] {dag.py:3089} INFO - Sync 1 DAGs
[2024-12-01T14:05:50.248+0000] {logging_mixin.py:188} INFO - [2024-12-01T14:05:50.248+0000] {dag.py:3947} INFO - Setting next_dagrun for weather_data_kafka_dag to 2024-12-01 14:00:00+00:00, run_after=2024-12-01 15:00:00+00:00
[2024-12-01T14:05:50.279+0000] {processor.py:183} INFO - Processing /opt/airflow/dags/kafka_stream.py took 0.854 seconds
[2024-12-01T14:06:20.622+0000] {processor.py:161} INFO - Started process (PID=17138) to work on /opt/airflow/dags/kafka_stream.py
[2024-12-01T14:06:20.624+0000] {processor.py:830} INFO - Processing file /opt/airflow/dags/kafka_stream.py for tasks to queue
[2024-12-01T14:06:20.627+0000] {logging_mixin.py:188} INFO - [2024-12-01T14:06:20.626+0000] {dagbag.py:545} INFO - Filling up the DagBag from /opt/airflow/dags/kafka_stream.py
[2024-12-01T14:06:21.600+0000] {processor.py:840} INFO - DAG(s) 'weather_data_kafka_dag' retrieved from /opt/airflow/dags/kafka_stream.py
[2024-12-01T14:06:21.679+0000] {logging_mixin.py:188} INFO - [2024-12-01T14:06:21.678+0000] {dag.py:3089} INFO - Sync 1 DAGs
[2024-12-01T14:06:21.739+0000] {logging_mixin.py:188} INFO - [2024-12-01T14:06:21.739+0000] {dag.py:3947} INFO - Setting next_dagrun for weather_data_kafka_dag to 2024-12-01 14:00:00+00:00, run_after=2024-12-01 15:00:00+00:00
[2024-12-01T14:06:21.820+0000] {processor.py:183} INFO - Processing /opt/airflow/dags/kafka_stream.py took 1.213 seconds
[2024-12-01T14:06:52.073+0000] {processor.py:161} INFO - Started process (PID=17151) to work on /opt/airflow/dags/kafka_stream.py
[2024-12-01T14:06:52.075+0000] {processor.py:830} INFO - Processing file /opt/airflow/dags/kafka_stream.py for tasks to queue
[2024-12-01T14:06:52.077+0000] {logging_mixin.py:188} INFO - [2024-12-01T14:06:52.076+0000] {dagbag.py:545} INFO - Filling up the DagBag from /opt/airflow/dags/kafka_stream.py
[2024-12-01T14:06:53.120+0000] {processor.py:840} INFO - DAG(s) 'weather_data_kafka_dag' retrieved from /opt/airflow/dags/kafka_stream.py
[2024-12-01T14:06:53.164+0000] {logging_mixin.py:188} INFO - [2024-12-01T14:06:53.164+0000] {dag.py:3089} INFO - Sync 1 DAGs
[2024-12-01T14:06:53.210+0000] {logging_mixin.py:188} INFO - [2024-12-01T14:06:53.209+0000] {dag.py:3947} INFO - Setting next_dagrun for weather_data_kafka_dag to 2024-12-01 14:00:00+00:00, run_after=2024-12-01 15:00:00+00:00
[2024-12-01T14:06:53.243+0000] {processor.py:183} INFO - Processing /opt/airflow/dags/kafka_stream.py took 1.184 seconds
[2024-12-01T14:07:23.329+0000] {processor.py:161} INFO - Started process (PID=17163) to work on /opt/airflow/dags/kafka_stream.py
[2024-12-01T14:07:23.331+0000] {processor.py:830} INFO - Processing file /opt/airflow/dags/kafka_stream.py for tasks to queue
[2024-12-01T14:07:23.332+0000] {logging_mixin.py:188} INFO - [2024-12-01T14:07:23.332+0000] {dagbag.py:545} INFO - Filling up the DagBag from /opt/airflow/dags/kafka_stream.py
[2024-12-01T14:07:24.283+0000] {processor.py:840} INFO - DAG(s) 'weather_data_kafka_dag' retrieved from /opt/airflow/dags/kafka_stream.py
[2024-12-01T14:07:24.330+0000] {logging_mixin.py:188} INFO - [2024-12-01T14:07:24.329+0000] {dag.py:3089} INFO - Sync 1 DAGs
[2024-12-01T14:07:24.371+0000] {logging_mixin.py:188} INFO - [2024-12-01T14:07:24.371+0000] {dag.py:3947} INFO - Setting next_dagrun for weather_data_kafka_dag to 2024-12-01 14:00:00+00:00, run_after=2024-12-01 15:00:00+00:00
[2024-12-01T14:07:24.401+0000] {processor.py:183} INFO - Processing /opt/airflow/dags/kafka_stream.py took 1.082 seconds
[2024-12-01T14:07:54.561+0000] {processor.py:161} INFO - Started process (PID=17174) to work on /opt/airflow/dags/kafka_stream.py
[2024-12-01T14:07:54.562+0000] {processor.py:830} INFO - Processing file /opt/airflow/dags/kafka_stream.py for tasks to queue
[2024-12-01T14:07:54.564+0000] {logging_mixin.py:188} INFO - [2024-12-01T14:07:54.564+0000] {dagbag.py:545} INFO - Filling up the DagBag from /opt/airflow/dags/kafka_stream.py
[2024-12-01T14:07:55.352+0000] {processor.py:840} INFO - DAG(s) 'weather_data_kafka_dag' retrieved from /opt/airflow/dags/kafka_stream.py
[2024-12-01T14:07:55.390+0000] {logging_mixin.py:188} INFO - [2024-12-01T14:07:55.389+0000] {dag.py:3089} INFO - Sync 1 DAGs
[2024-12-01T14:07:55.428+0000] {logging_mixin.py:188} INFO - [2024-12-01T14:07:55.428+0000] {dag.py:3947} INFO - Setting next_dagrun for weather_data_kafka_dag to 2024-12-01 14:00:00+00:00, run_after=2024-12-01 15:00:00+00:00
[2024-12-01T14:07:55.463+0000] {processor.py:183} INFO - Processing /opt/airflow/dags/kafka_stream.py took 0.914 seconds
[2024-12-01T14:08:25.980+0000] {processor.py:161} INFO - Started process (PID=17186) to work on /opt/airflow/dags/kafka_stream.py
[2024-12-01T14:08:25.981+0000] {processor.py:830} INFO - Processing file /opt/airflow/dags/kafka_stream.py for tasks to queue
[2024-12-01T14:08:25.982+0000] {logging_mixin.py:188} INFO - [2024-12-01T14:08:25.982+0000] {dagbag.py:545} INFO - Filling up the DagBag from /opt/airflow/dags/kafka_stream.py
[2024-12-01T14:08:26.739+0000] {processor.py:840} INFO - DAG(s) 'weather_data_kafka_dag' retrieved from /opt/airflow/dags/kafka_stream.py
[2024-12-01T14:08:26.780+0000] {logging_mixin.py:188} INFO - [2024-12-01T14:08:26.780+0000] {dag.py:3089} INFO - Sync 1 DAGs
[2024-12-01T14:08:26.818+0000] {logging_mixin.py:188} INFO - [2024-12-01T14:08:26.818+0000] {dag.py:3947} INFO - Setting next_dagrun for weather_data_kafka_dag to 2024-12-01 14:00:00+00:00, run_after=2024-12-01 15:00:00+00:00
[2024-12-01T14:08:26.852+0000] {processor.py:183} INFO - Processing /opt/airflow/dags/kafka_stream.py took 0.886 seconds
[2024-12-01T14:08:57.188+0000] {processor.py:161} INFO - Started process (PID=17198) to work on /opt/airflow/dags/kafka_stream.py
[2024-12-01T14:08:57.190+0000] {processor.py:830} INFO - Processing file /opt/airflow/dags/kafka_stream.py for tasks to queue
[2024-12-01T14:08:57.191+0000] {logging_mixin.py:188} INFO - [2024-12-01T14:08:57.191+0000] {dagbag.py:545} INFO - Filling up the DagBag from /opt/airflow/dags/kafka_stream.py
[2024-12-01T14:08:57.978+0000] {processor.py:840} INFO - DAG(s) 'weather_data_kafka_dag' retrieved from /opt/airflow/dags/kafka_stream.py
[2024-12-01T14:08:58.037+0000] {logging_mixin.py:188} INFO - [2024-12-01T14:08:58.037+0000] {dag.py:3089} INFO - Sync 1 DAGs
[2024-12-01T14:08:58.092+0000] {logging_mixin.py:188} INFO - [2024-12-01T14:08:58.091+0000] {dag.py:3947} INFO - Setting next_dagrun for weather_data_kafka_dag to 2024-12-01 14:00:00+00:00, run_after=2024-12-01 15:00:00+00:00
[2024-12-01T14:08:58.130+0000] {processor.py:183} INFO - Processing /opt/airflow/dags/kafka_stream.py took 0.950 seconds
[2024-12-01T14:09:28.417+0000] {processor.py:161} INFO - Started process (PID=17210) to work on /opt/airflow/dags/kafka_stream.py
[2024-12-01T14:09:28.418+0000] {processor.py:830} INFO - Processing file /opt/airflow/dags/kafka_stream.py for tasks to queue
[2024-12-01T14:09:28.420+0000] {logging_mixin.py:188} INFO - [2024-12-01T14:09:28.420+0000] {dagbag.py:545} INFO - Filling up the DagBag from /opt/airflow/dags/kafka_stream.py
[2024-12-01T14:09:29.160+0000] {processor.py:840} INFO - DAG(s) 'weather_data_kafka_dag' retrieved from /opt/airflow/dags/kafka_stream.py
[2024-12-01T14:09:29.200+0000] {logging_mixin.py:188} INFO - [2024-12-01T14:09:29.199+0000] {dag.py:3089} INFO - Sync 1 DAGs
[2024-12-01T14:09:29.234+0000] {logging_mixin.py:188} INFO - [2024-12-01T14:09:29.233+0000] {dag.py:3947} INFO - Setting next_dagrun for weather_data_kafka_dag to 2024-12-01 14:00:00+00:00, run_after=2024-12-01 15:00:00+00:00
[2024-12-01T14:09:29.268+0000] {processor.py:183} INFO - Processing /opt/airflow/dags/kafka_stream.py took 0.860 seconds
[2024-12-01T14:09:59.550+0000] {processor.py:161} INFO - Started process (PID=17222) to work on /opt/airflow/dags/kafka_stream.py
[2024-12-01T14:09:59.552+0000] {processor.py:830} INFO - Processing file /opt/airflow/dags/kafka_stream.py for tasks to queue
[2024-12-01T14:09:59.553+0000] {logging_mixin.py:188} INFO - [2024-12-01T14:09:59.553+0000] {dagbag.py:545} INFO - Filling up the DagBag from /opt/airflow/dags/kafka_stream.py
[2024-12-01T14:10:00.254+0000] {processor.py:840} INFO - DAG(s) 'weather_data_kafka_dag' retrieved from /opt/airflow/dags/kafka_stream.py
[2024-12-01T14:10:00.318+0000] {logging_mixin.py:188} INFO - [2024-12-01T14:10:00.317+0000] {dag.py:3089} INFO - Sync 1 DAGs
[2024-12-01T14:10:00.373+0000] {logging_mixin.py:188} INFO - [2024-12-01T14:10:00.373+0000] {dag.py:3947} INFO - Setting next_dagrun for weather_data_kafka_dag to 2024-12-01 14:00:00+00:00, run_after=2024-12-01 15:00:00+00:00
[2024-12-01T14:10:00.420+0000] {processor.py:183} INFO - Processing /opt/airflow/dags/kafka_stream.py took 0.879 seconds
[2024-12-01T14:10:30.826+0000] {processor.py:161} INFO - Started process (PID=17235) to work on /opt/airflow/dags/kafka_stream.py
[2024-12-01T14:10:30.835+0000] {processor.py:830} INFO - Processing file /opt/airflow/dags/kafka_stream.py for tasks to queue
[2024-12-01T14:10:30.838+0000] {logging_mixin.py:188} INFO - [2024-12-01T14:10:30.837+0000] {dagbag.py:545} INFO - Filling up the DagBag from /opt/airflow/dags/kafka_stream.py
[2024-12-01T14:10:32.351+0000] {processor.py:840} INFO - DAG(s) 'weather_data_kafka_dag' retrieved from /opt/airflow/dags/kafka_stream.py
[2024-12-01T14:10:32.420+0000] {logging_mixin.py:188} INFO - [2024-12-01T14:10:32.420+0000] {dag.py:3089} INFO - Sync 1 DAGs
[2024-12-01T14:10:32.497+0000] {logging_mixin.py:188} INFO - [2024-12-01T14:10:32.497+0000] {dag.py:3947} INFO - Setting next_dagrun for weather_data_kafka_dag to 2024-12-01 14:00:00+00:00, run_after=2024-12-01 15:00:00+00:00
[2024-12-01T14:10:32.577+0000] {processor.py:183} INFO - Processing /opt/airflow/dags/kafka_stream.py took 1.773 seconds
[2024-12-01T14:11:02.994+0000] {processor.py:161} INFO - Started process (PID=17247) to work on /opt/airflow/dags/kafka_stream.py
[2024-12-01T14:11:02.995+0000] {processor.py:830} INFO - Processing file /opt/airflow/dags/kafka_stream.py for tasks to queue
[2024-12-01T14:11:03.012+0000] {logging_mixin.py:188} INFO - [2024-12-01T14:11:03.011+0000] {dagbag.py:545} INFO - Filling up the DagBag from /opt/airflow/dags/kafka_stream.py
[2024-12-01T14:11:06.751+0000] {processor.py:840} INFO - DAG(s) 'weather_data_kafka_dag' retrieved from /opt/airflow/dags/kafka_stream.py
[2024-12-01T14:11:06.813+0000] {logging_mixin.py:188} INFO - [2024-12-01T14:11:06.813+0000] {dag.py:3089} INFO - Sync 1 DAGs
[2024-12-01T14:11:06.859+0000] {logging_mixin.py:188} INFO - [2024-12-01T14:11:06.859+0000] {dag.py:3947} INFO - Setting next_dagrun for weather_data_kafka_dag to 2024-12-01 14:00:00+00:00, run_after=2024-12-01 15:00:00+00:00
[2024-12-01T14:11:06.900+0000] {processor.py:183} INFO - Processing /opt/airflow/dags/kafka_stream.py took 3.940 seconds
[2024-12-01T14:11:37.065+0000] {processor.py:161} INFO - Started process (PID=17259) to work on /opt/airflow/dags/kafka_stream.py
[2024-12-01T14:11:37.066+0000] {processor.py:830} INFO - Processing file /opt/airflow/dags/kafka_stream.py for tasks to queue
[2024-12-01T14:11:37.069+0000] {logging_mixin.py:188} INFO - [2024-12-01T14:11:37.068+0000] {dagbag.py:545} INFO - Filling up the DagBag from /opt/airflow/dags/kafka_stream.py
[2024-12-01T14:11:37.856+0000] {processor.py:840} INFO - DAG(s) 'weather_data_kafka_dag' retrieved from /opt/airflow/dags/kafka_stream.py
[2024-12-01T14:11:37.927+0000] {logging_mixin.py:188} INFO - [2024-12-01T14:11:37.926+0000] {dag.py:3089} INFO - Sync 1 DAGs
[2024-12-01T14:11:37.974+0000] {logging_mixin.py:188} INFO - [2024-12-01T14:11:37.973+0000] {dag.py:3947} INFO - Setting next_dagrun for weather_data_kafka_dag to 2024-12-01 14:00:00+00:00, run_after=2024-12-01 15:00:00+00:00
[2024-12-01T14:11:38.024+0000] {processor.py:183} INFO - Processing /opt/airflow/dags/kafka_stream.py took 0.967 seconds
[2024-12-01T14:12:08.324+0000] {processor.py:161} INFO - Started process (PID=17278) to work on /opt/airflow/dags/kafka_stream.py
[2024-12-01T14:12:08.325+0000] {processor.py:830} INFO - Processing file /opt/airflow/dags/kafka_stream.py for tasks to queue
[2024-12-01T14:12:08.328+0000] {logging_mixin.py:188} INFO - [2024-12-01T14:12:08.327+0000] {dagbag.py:545} INFO - Filling up the DagBag from /opt/airflow/dags/kafka_stream.py
[2024-12-01T14:12:09.332+0000] {processor.py:840} INFO - DAG(s) 'weather_data_kafka_dag' retrieved from /opt/airflow/dags/kafka_stream.py
[2024-12-01T14:12:09.430+0000] {logging_mixin.py:188} INFO - [2024-12-01T14:12:09.429+0000] {dag.py:3089} INFO - Sync 1 DAGs
[2024-12-01T14:12:09.513+0000] {logging_mixin.py:188} INFO - [2024-12-01T14:12:09.512+0000] {dag.py:3947} INFO - Setting next_dagrun for weather_data_kafka_dag to 2024-12-01 14:00:00+00:00, run_after=2024-12-01 15:00:00+00:00
[2024-12-01T14:12:09.552+0000] {processor.py:183} INFO - Processing /opt/airflow/dags/kafka_stream.py took 1.236 seconds
[2024-12-01T14:12:39.679+0000] {processor.py:161} INFO - Started process (PID=17290) to work on /opt/airflow/dags/kafka_stream.py
[2024-12-01T14:12:39.681+0000] {processor.py:830} INFO - Processing file /opt/airflow/dags/kafka_stream.py for tasks to queue
[2024-12-01T14:12:39.683+0000] {logging_mixin.py:188} INFO - [2024-12-01T14:12:39.682+0000] {dagbag.py:545} INFO - Filling up the DagBag from /opt/airflow/dags/kafka_stream.py
[2024-12-01T14:12:40.524+0000] {processor.py:840} INFO - DAG(s) 'weather_data_kafka_dag' retrieved from /opt/airflow/dags/kafka_stream.py
[2024-12-01T14:12:40.567+0000] {logging_mixin.py:188} INFO - [2024-12-01T14:12:40.566+0000] {dag.py:3089} INFO - Sync 1 DAGs
[2024-12-01T14:12:40.604+0000] {logging_mixin.py:188} INFO - [2024-12-01T14:12:40.603+0000] {dag.py:3947} INFO - Setting next_dagrun for weather_data_kafka_dag to 2024-12-01 14:00:00+00:00, run_after=2024-12-01 15:00:00+00:00
[2024-12-01T14:12:40.634+0000] {processor.py:183} INFO - Processing /opt/airflow/dags/kafka_stream.py took 0.971 seconds
[2024-12-01T14:13:11.042+0000] {processor.py:161} INFO - Started process (PID=17302) to work on /opt/airflow/dags/kafka_stream.py
[2024-12-01T14:13:11.048+0000] {processor.py:830} INFO - Processing file /opt/airflow/dags/kafka_stream.py for tasks to queue
[2024-12-01T14:13:11.053+0000] {logging_mixin.py:188} INFO - [2024-12-01T14:13:11.052+0000] {dagbag.py:545} INFO - Filling up the DagBag from /opt/airflow/dags/kafka_stream.py
[2024-12-01T14:13:12.306+0000] {processor.py:840} INFO - DAG(s) 'weather_data_kafka_dag' retrieved from /opt/airflow/dags/kafka_stream.py
[2024-12-01T14:13:12.401+0000] {logging_mixin.py:188} INFO - [2024-12-01T14:13:12.400+0000] {dag.py:3089} INFO - Sync 1 DAGs
[2024-12-01T14:13:12.541+0000] {logging_mixin.py:188} INFO - [2024-12-01T14:13:12.540+0000] {dag.py:3947} INFO - Setting next_dagrun for weather_data_kafka_dag to 2024-12-01 14:00:00+00:00, run_after=2024-12-01 15:00:00+00:00
[2024-12-01T14:13:12.640+0000] {processor.py:183} INFO - Processing /opt/airflow/dags/kafka_stream.py took 1.624 seconds
[2024-12-01T14:13:42.992+0000] {processor.py:161} INFO - Started process (PID=17314) to work on /opt/airflow/dags/kafka_stream.py
[2024-12-01T14:13:42.993+0000] {processor.py:830} INFO - Processing file /opt/airflow/dags/kafka_stream.py for tasks to queue
[2024-12-01T14:13:42.994+0000] {logging_mixin.py:188} INFO - [2024-12-01T14:13:42.994+0000] {dagbag.py:545} INFO - Filling up the DagBag from /opt/airflow/dags/kafka_stream.py
[2024-12-01T14:13:43.999+0000] {processor.py:840} INFO - DAG(s) 'weather_data_kafka_dag' retrieved from /opt/airflow/dags/kafka_stream.py
[2024-12-01T14:13:44.084+0000] {logging_mixin.py:188} INFO - [2024-12-01T14:13:44.084+0000] {dag.py:3089} INFO - Sync 1 DAGs
[2024-12-01T14:13:44.151+0000] {logging_mixin.py:188} INFO - [2024-12-01T14:13:44.150+0000] {dag.py:3947} INFO - Setting next_dagrun for weather_data_kafka_dag to 2024-12-01 14:00:00+00:00, run_after=2024-12-01 15:00:00+00:00
[2024-12-01T14:13:44.194+0000] {processor.py:183} INFO - Processing /opt/airflow/dags/kafka_stream.py took 1.216 seconds
[2024-12-01T14:14:14.571+0000] {processor.py:161} INFO - Started process (PID=17326) to work on /opt/airflow/dags/kafka_stream.py
[2024-12-01T14:14:14.590+0000] {processor.py:830} INFO - Processing file /opt/airflow/dags/kafka_stream.py for tasks to queue
[2024-12-01T14:14:14.593+0000] {logging_mixin.py:188} INFO - [2024-12-01T14:14:14.592+0000] {dagbag.py:545} INFO - Filling up the DagBag from /opt/airflow/dags/kafka_stream.py
[2024-12-01T14:14:16.639+0000] {processor.py:840} INFO - DAG(s) 'weather_data_kafka_dag' retrieved from /opt/airflow/dags/kafka_stream.py
[2024-12-01T14:14:16.721+0000] {logging_mixin.py:188} INFO - [2024-12-01T14:14:16.720+0000] {dag.py:3089} INFO - Sync 1 DAGs
[2024-12-01T14:14:16.811+0000] {logging_mixin.py:188} INFO - [2024-12-01T14:14:16.811+0000] {dag.py:3947} INFO - Setting next_dagrun for weather_data_kafka_dag to 2024-12-01 14:00:00+00:00, run_after=2024-12-01 15:00:00+00:00
[2024-12-01T14:14:16.879+0000] {processor.py:183} INFO - Processing /opt/airflow/dags/kafka_stream.py took 2.337 seconds
[2024-12-01T14:14:47.093+0000] {processor.py:161} INFO - Started process (PID=17338) to work on /opt/airflow/dags/kafka_stream.py
[2024-12-01T14:14:47.095+0000] {processor.py:830} INFO - Processing file /opt/airflow/dags/kafka_stream.py for tasks to queue
[2024-12-01T14:14:47.096+0000] {logging_mixin.py:188} INFO - [2024-12-01T14:14:47.096+0000] {dagbag.py:545} INFO - Filling up the DagBag from /opt/airflow/dags/kafka_stream.py
[2024-12-01T14:14:47.942+0000] {processor.py:840} INFO - DAG(s) 'weather_data_kafka_dag' retrieved from /opt/airflow/dags/kafka_stream.py
[2024-12-01T14:14:47.980+0000] {logging_mixin.py:188} INFO - [2024-12-01T14:14:47.979+0000] {dag.py:3089} INFO - Sync 1 DAGs
[2024-12-01T14:14:48.020+0000] {logging_mixin.py:188} INFO - [2024-12-01T14:14:48.020+0000] {dag.py:3947} INFO - Setting next_dagrun for weather_data_kafka_dag to 2024-12-01 14:00:00+00:00, run_after=2024-12-01 15:00:00+00:00
[2024-12-01T14:14:48.053+0000] {processor.py:183} INFO - Processing /opt/airflow/dags/kafka_stream.py took 0.967 seconds
[2024-12-01T14:15:18.384+0000] {processor.py:161} INFO - Started process (PID=17350) to work on /opt/airflow/dags/kafka_stream.py
[2024-12-01T14:15:18.385+0000] {processor.py:830} INFO - Processing file /opt/airflow/dags/kafka_stream.py for tasks to queue
[2024-12-01T14:15:18.387+0000] {logging_mixin.py:188} INFO - [2024-12-01T14:15:18.386+0000] {dagbag.py:545} INFO - Filling up the DagBag from /opt/airflow/dags/kafka_stream.py
[2024-12-01T14:15:19.145+0000] {processor.py:840} INFO - DAG(s) 'weather_data_kafka_dag' retrieved from /opt/airflow/dags/kafka_stream.py
[2024-12-01T14:15:19.198+0000] {logging_mixin.py:188} INFO - [2024-12-01T14:15:19.197+0000] {dag.py:3089} INFO - Sync 1 DAGs
[2024-12-01T14:15:19.261+0000] {logging_mixin.py:188} INFO - [2024-12-01T14:15:19.261+0000] {dag.py:3947} INFO - Setting next_dagrun for weather_data_kafka_dag to 2024-12-01 14:00:00+00:00, run_after=2024-12-01 15:00:00+00:00
[2024-12-01T14:15:19.295+0000] {processor.py:183} INFO - Processing /opt/airflow/dags/kafka_stream.py took 0.919 seconds
[2024-12-01T14:15:49.576+0000] {processor.py:161} INFO - Started process (PID=17363) to work on /opt/airflow/dags/kafka_stream.py
[2024-12-01T14:15:49.577+0000] {processor.py:830} INFO - Processing file /opt/airflow/dags/kafka_stream.py for tasks to queue
[2024-12-01T14:15:49.578+0000] {logging_mixin.py:188} INFO - [2024-12-01T14:15:49.578+0000] {dagbag.py:545} INFO - Filling up the DagBag from /opt/airflow/dags/kafka_stream.py
[2024-12-01T14:15:50.343+0000] {processor.py:840} INFO - DAG(s) 'weather_data_kafka_dag' retrieved from /opt/airflow/dags/kafka_stream.py
[2024-12-01T14:15:50.378+0000] {logging_mixin.py:188} INFO - [2024-12-01T14:15:50.378+0000] {dag.py:3089} INFO - Sync 1 DAGs
[2024-12-01T14:15:50.414+0000] {logging_mixin.py:188} INFO - [2024-12-01T14:15:50.413+0000] {dag.py:3947} INFO - Setting next_dagrun for weather_data_kafka_dag to 2024-12-01 14:00:00+00:00, run_after=2024-12-01 15:00:00+00:00
[2024-12-01T14:15:50.449+0000] {processor.py:183} INFO - Processing /opt/airflow/dags/kafka_stream.py took 0.883 seconds
[2024-12-01T14:16:20.744+0000] {processor.py:161} INFO - Started process (PID=17375) to work on /opt/airflow/dags/kafka_stream.py
[2024-12-01T14:16:20.745+0000] {processor.py:830} INFO - Processing file /opt/airflow/dags/kafka_stream.py for tasks to queue
[2024-12-01T14:16:20.747+0000] {logging_mixin.py:188} INFO - [2024-12-01T14:16:20.746+0000] {dagbag.py:545} INFO - Filling up the DagBag from /opt/airflow/dags/kafka_stream.py
[2024-12-01T14:16:21.811+0000] {processor.py:840} INFO - DAG(s) 'weather_data_kafka_dag' retrieved from /opt/airflow/dags/kafka_stream.py
[2024-12-01T14:16:21.847+0000] {logging_mixin.py:188} INFO - [2024-12-01T14:16:21.846+0000] {dag.py:3089} INFO - Sync 1 DAGs
[2024-12-01T14:16:21.882+0000] {logging_mixin.py:188} INFO - [2024-12-01T14:16:21.882+0000] {dag.py:3947} INFO - Setting next_dagrun for weather_data_kafka_dag to 2024-12-01 14:00:00+00:00, run_after=2024-12-01 15:00:00+00:00
[2024-12-01T14:16:21.920+0000] {processor.py:183} INFO - Processing /opt/airflow/dags/kafka_stream.py took 1.184 seconds
[2024-12-01T14:16:52.357+0000] {processor.py:161} INFO - Started process (PID=17387) to work on /opt/airflow/dags/kafka_stream.py
[2024-12-01T14:16:52.358+0000] {processor.py:830} INFO - Processing file /opt/airflow/dags/kafka_stream.py for tasks to queue
[2024-12-01T14:16:52.360+0000] {logging_mixin.py:188} INFO - [2024-12-01T14:16:52.359+0000] {dagbag.py:545} INFO - Filling up the DagBag from /opt/airflow/dags/kafka_stream.py
[2024-12-01T14:16:53.282+0000] {processor.py:840} INFO - DAG(s) 'weather_data_kafka_dag' retrieved from /opt/airflow/dags/kafka_stream.py
[2024-12-01T14:16:53.346+0000] {logging_mixin.py:188} INFO - [2024-12-01T14:16:53.345+0000] {dag.py:3089} INFO - Sync 1 DAGs
[2024-12-01T14:16:53.422+0000] {logging_mixin.py:188} INFO - [2024-12-01T14:16:53.422+0000] {dag.py:3947} INFO - Setting next_dagrun for weather_data_kafka_dag to 2024-12-01 14:00:00+00:00, run_after=2024-12-01 15:00:00+00:00
[2024-12-01T14:16:53.457+0000] {processor.py:183} INFO - Processing /opt/airflow/dags/kafka_stream.py took 1.112 seconds
[2024-12-01T14:17:23.684+0000] {processor.py:161} INFO - Started process (PID=17399) to work on /opt/airflow/dags/kafka_stream.py
[2024-12-01T14:17:23.685+0000] {processor.py:830} INFO - Processing file /opt/airflow/dags/kafka_stream.py for tasks to queue
[2024-12-01T14:17:23.688+0000] {logging_mixin.py:188} INFO - [2024-12-01T14:17:23.687+0000] {dagbag.py:545} INFO - Filling up the DagBag from /opt/airflow/dags/kafka_stream.py
[2024-12-01T14:17:24.735+0000] {processor.py:840} INFO - DAG(s) 'weather_data_kafka_dag' retrieved from /opt/airflow/dags/kafka_stream.py
[2024-12-01T14:17:24.790+0000] {logging_mixin.py:188} INFO - [2024-12-01T14:17:24.789+0000] {dag.py:3089} INFO - Sync 1 DAGs
[2024-12-01T14:17:24.853+0000] {logging_mixin.py:188} INFO - [2024-12-01T14:17:24.852+0000] {dag.py:3947} INFO - Setting next_dagrun for weather_data_kafka_dag to 2024-12-01 14:00:00+00:00, run_after=2024-12-01 15:00:00+00:00
[2024-12-01T14:17:24.894+0000] {processor.py:183} INFO - Processing /opt/airflow/dags/kafka_stream.py took 1.228 seconds
[2024-12-01T14:17:55.362+0000] {processor.py:161} INFO - Started process (PID=17412) to work on /opt/airflow/dags/kafka_stream.py
[2024-12-01T14:17:55.364+0000] {processor.py:830} INFO - Processing file /opt/airflow/dags/kafka_stream.py for tasks to queue
[2024-12-01T14:17:55.365+0000] {logging_mixin.py:188} INFO - [2024-12-01T14:17:55.365+0000] {dagbag.py:545} INFO - Filling up the DagBag from /opt/airflow/dags/kafka_stream.py
[2024-12-01T14:17:56.281+0000] {processor.py:840} INFO - DAG(s) 'weather_data_kafka_dag' retrieved from /opt/airflow/dags/kafka_stream.py
[2024-12-01T14:17:56.329+0000] {logging_mixin.py:188} INFO - [2024-12-01T14:17:56.328+0000] {dag.py:3089} INFO - Sync 1 DAGs
[2024-12-01T14:17:56.374+0000] {logging_mixin.py:188} INFO - [2024-12-01T14:17:56.374+0000] {dag.py:3947} INFO - Setting next_dagrun for weather_data_kafka_dag to 2024-12-01 14:00:00+00:00, run_after=2024-12-01 15:00:00+00:00
[2024-12-01T14:17:56.414+0000] {processor.py:183} INFO - Processing /opt/airflow/dags/kafka_stream.py took 1.066 seconds
[2024-12-01T14:18:26.735+0000] {processor.py:161} INFO - Started process (PID=17424) to work on /opt/airflow/dags/kafka_stream.py
[2024-12-01T14:18:26.737+0000] {processor.py:830} INFO - Processing file /opt/airflow/dags/kafka_stream.py for tasks to queue
[2024-12-01T14:18:26.738+0000] {logging_mixin.py:188} INFO - [2024-12-01T14:18:26.738+0000] {dagbag.py:545} INFO - Filling up the DagBag from /opt/airflow/dags/kafka_stream.py
[2024-12-01T14:18:27.569+0000] {processor.py:840} INFO - DAG(s) 'weather_data_kafka_dag' retrieved from /opt/airflow/dags/kafka_stream.py
[2024-12-01T14:18:27.614+0000] {logging_mixin.py:188} INFO - [2024-12-01T14:18:27.613+0000] {dag.py:3089} INFO - Sync 1 DAGs
[2024-12-01T14:18:27.654+0000] {logging_mixin.py:188} INFO - [2024-12-01T14:18:27.654+0000] {dag.py:3947} INFO - Setting next_dagrun for weather_data_kafka_dag to 2024-12-01 14:00:00+00:00, run_after=2024-12-01 15:00:00+00:00
[2024-12-01T14:18:27.690+0000] {processor.py:183} INFO - Processing /opt/airflow/dags/kafka_stream.py took 0.965 seconds
[2024-12-01T14:18:58.005+0000] {processor.py:161} INFO - Started process (PID=17436) to work on /opt/airflow/dags/kafka_stream.py
[2024-12-01T14:18:58.007+0000] {processor.py:830} INFO - Processing file /opt/airflow/dags/kafka_stream.py for tasks to queue
[2024-12-01T14:18:58.010+0000] {logging_mixin.py:188} INFO - [2024-12-01T14:18:58.009+0000] {dagbag.py:545} INFO - Filling up the DagBag from /opt/airflow/dags/kafka_stream.py
[2024-12-01T14:18:58.719+0000] {processor.py:840} INFO - DAG(s) 'weather_data_kafka_dag' retrieved from /opt/airflow/dags/kafka_stream.py
[2024-12-01T14:18:58.762+0000] {logging_mixin.py:188} INFO - [2024-12-01T14:18:58.761+0000] {dag.py:3089} INFO - Sync 1 DAGs
[2024-12-01T14:18:58.824+0000] {logging_mixin.py:188} INFO - [2024-12-01T14:18:58.824+0000] {dag.py:3947} INFO - Setting next_dagrun for weather_data_kafka_dag to 2024-12-01 14:00:00+00:00, run_after=2024-12-01 15:00:00+00:00
[2024-12-01T14:18:58.873+0000] {processor.py:183} INFO - Processing /opt/airflow/dags/kafka_stream.py took 0.878 seconds
[2024-12-01T14:19:29.140+0000] {processor.py:161} INFO - Started process (PID=17448) to work on /opt/airflow/dags/kafka_stream.py
[2024-12-01T14:19:29.141+0000] {processor.py:830} INFO - Processing file /opt/airflow/dags/kafka_stream.py for tasks to queue
[2024-12-01T14:19:29.142+0000] {logging_mixin.py:188} INFO - [2024-12-01T14:19:29.142+0000] {dagbag.py:545} INFO - Filling up the DagBag from /opt/airflow/dags/kafka_stream.py
[2024-12-01T14:19:29.990+0000] {processor.py:840} INFO - DAG(s) 'weather_data_kafka_dag' retrieved from /opt/airflow/dags/kafka_stream.py
[2024-12-01T14:19:30.031+0000] {logging_mixin.py:188} INFO - [2024-12-01T14:19:30.030+0000] {dag.py:3089} INFO - Sync 1 DAGs
[2024-12-01T14:19:30.066+0000] {logging_mixin.py:188} INFO - [2024-12-01T14:19:30.066+0000] {dag.py:3947} INFO - Setting next_dagrun for weather_data_kafka_dag to 2024-12-01 14:00:00+00:00, run_after=2024-12-01 15:00:00+00:00
[2024-12-01T14:19:30.099+0000] {processor.py:183} INFO - Processing /opt/airflow/dags/kafka_stream.py took 0.971 seconds
[2024-12-01T14:20:00.861+0000] {processor.py:161} INFO - Started process (PID=17460) to work on /opt/airflow/dags/kafka_stream.py
[2024-12-01T14:20:00.862+0000] {processor.py:830} INFO - Processing file /opt/airflow/dags/kafka_stream.py for tasks to queue
[2024-12-01T14:20:00.864+0000] {logging_mixin.py:188} INFO - [2024-12-01T14:20:00.864+0000] {dagbag.py:545} INFO - Filling up the DagBag from /opt/airflow/dags/kafka_stream.py
[2024-12-01T14:20:02.104+0000] {processor.py:840} INFO - DAG(s) 'weather_data_kafka_dag' retrieved from /opt/airflow/dags/kafka_stream.py
[2024-12-01T14:20:02.140+0000] {logging_mixin.py:188} INFO - [2024-12-01T14:20:02.139+0000] {dag.py:3089} INFO - Sync 1 DAGs
[2024-12-01T14:20:02.172+0000] {logging_mixin.py:188} INFO - [2024-12-01T14:20:02.171+0000] {dag.py:3947} INFO - Setting next_dagrun for weather_data_kafka_dag to 2024-12-01 14:00:00+00:00, run_after=2024-12-01 15:00:00+00:00
[2024-12-01T14:20:02.204+0000] {processor.py:183} INFO - Processing /opt/airflow/dags/kafka_stream.py took 1.352 seconds
[2024-12-01T14:20:33.484+0000] {processor.py:161} INFO - Started process (PID=17515) to work on /opt/airflow/dags/kafka_stream.py
[2024-12-01T14:20:33.491+0000] {processor.py:830} INFO - Processing file /opt/airflow/dags/kafka_stream.py for tasks to queue
[2024-12-01T14:20:33.499+0000] {logging_mixin.py:188} INFO - [2024-12-01T14:20:33.493+0000] {dagbag.py:545} INFO - Filling up the DagBag from /opt/airflow/dags/kafka_stream.py
[2024-12-01T14:20:36.271+0000] {processor.py:840} INFO - DAG(s) 'weather_data_kafka_dag' retrieved from /opt/airflow/dags/kafka_stream.py
[2024-12-01T14:20:36.351+0000] {logging_mixin.py:188} INFO - [2024-12-01T14:20:36.350+0000] {dag.py:3089} INFO - Sync 1 DAGs
[2024-12-01T14:20:36.417+0000] {logging_mixin.py:188} INFO - [2024-12-01T14:20:36.416+0000] {dag.py:3947} INFO - Setting next_dagrun for weather_data_kafka_dag to 2024-12-01 14:00:00+00:00, run_after=2024-12-01 15:00:00+00:00
[2024-12-01T14:20:36.480+0000] {processor.py:183} INFO - Processing /opt/airflow/dags/kafka_stream.py took 3.033 seconds
[2024-12-01T14:21:07.244+0000] {processor.py:161} INFO - Started process (PID=17568) to work on /opt/airflow/dags/kafka_stream.py
[2024-12-01T14:21:07.247+0000] {processor.py:830} INFO - Processing file /opt/airflow/dags/kafka_stream.py for tasks to queue
[2024-12-01T14:21:07.249+0000] {logging_mixin.py:188} INFO - [2024-12-01T14:21:07.249+0000] {dagbag.py:545} INFO - Filling up the DagBag from /opt/airflow/dags/kafka_stream.py
[2024-12-01T14:21:08.278+0000] {processor.py:840} INFO - DAG(s) 'weather_data_kafka_dag' retrieved from /opt/airflow/dags/kafka_stream.py
[2024-12-01T14:21:08.325+0000] {logging_mixin.py:188} INFO - [2024-12-01T14:21:08.324+0000] {dag.py:3089} INFO - Sync 1 DAGs
[2024-12-01T14:21:08.374+0000] {logging_mixin.py:188} INFO - [2024-12-01T14:21:08.373+0000] {dag.py:3947} INFO - Setting next_dagrun for weather_data_kafka_dag to 2024-12-01 14:00:00+00:00, run_after=2024-12-01 15:00:00+00:00
[2024-12-01T14:21:08.413+0000] {processor.py:183} INFO - Processing /opt/airflow/dags/kafka_stream.py took 1.184 seconds
[2024-12-01T14:21:38.631+0000] {processor.py:161} INFO - Started process (PID=17581) to work on /opt/airflow/dags/kafka_stream.py
[2024-12-01T14:21:38.632+0000] {processor.py:830} INFO - Processing file /opt/airflow/dags/kafka_stream.py for tasks to queue
[2024-12-01T14:21:38.634+0000] {logging_mixin.py:188} INFO - [2024-12-01T14:21:38.633+0000] {dagbag.py:545} INFO - Filling up the DagBag from /opt/airflow/dags/kafka_stream.py
[2024-12-01T14:21:39.490+0000] {processor.py:840} INFO - DAG(s) 'weather_data_kafka_dag' retrieved from /opt/airflow/dags/kafka_stream.py
[2024-12-01T14:21:39.532+0000] {logging_mixin.py:188} INFO - [2024-12-01T14:21:39.531+0000] {dag.py:3089} INFO - Sync 1 DAGs
[2024-12-01T14:21:39.572+0000] {logging_mixin.py:188} INFO - [2024-12-01T14:21:39.572+0000] {dag.py:3947} INFO - Setting next_dagrun for weather_data_kafka_dag to 2024-12-01 14:00:00+00:00, run_after=2024-12-01 15:00:00+00:00
[2024-12-01T14:21:39.614+0000] {processor.py:183} INFO - Processing /opt/airflow/dags/kafka_stream.py took 0.994 seconds
[2024-12-01T14:22:10.004+0000] {processor.py:161} INFO - Started process (PID=17599) to work on /opt/airflow/dags/kafka_stream.py
[2024-12-01T14:22:10.005+0000] {processor.py:830} INFO - Processing file /opt/airflow/dags/kafka_stream.py for tasks to queue
[2024-12-01T14:22:10.008+0000] {logging_mixin.py:188} INFO - [2024-12-01T14:22:10.007+0000] {dagbag.py:545} INFO - Filling up the DagBag from /opt/airflow/dags/kafka_stream.py
[2024-12-01T14:22:11.890+0000] {processor.py:840} INFO - DAG(s) 'weather_data_kafka_dag' retrieved from /opt/airflow/dags/kafka_stream.py
[2024-12-01T14:22:12.182+0000] {logging_mixin.py:188} INFO - [2024-12-01T14:22:12.181+0000] {dag.py:3089} INFO - Sync 1 DAGs
[2024-12-01T14:22:12.290+0000] {logging_mixin.py:188} INFO - [2024-12-01T14:22:12.289+0000] {dag.py:3947} INFO - Setting next_dagrun for weather_data_kafka_dag to 2024-12-01 14:00:00+00:00, run_after=2024-12-01 15:00:00+00:00
[2024-12-01T14:22:12.645+0000] {processor.py:183} INFO - Processing /opt/airflow/dags/kafka_stream.py took 2.651 seconds
[2024-12-01T14:22:43.706+0000] {processor.py:161} INFO - Started process (PID=17611) to work on /opt/airflow/dags/kafka_stream.py
[2024-12-01T14:22:43.709+0000] {processor.py:830} INFO - Processing file /opt/airflow/dags/kafka_stream.py for tasks to queue
[2024-12-01T14:22:43.711+0000] {logging_mixin.py:188} INFO - [2024-12-01T14:22:43.711+0000] {dagbag.py:545} INFO - Filling up the DagBag from /opt/airflow/dags/kafka_stream.py
[2024-12-01T14:22:46.472+0000] {processor.py:840} INFO - DAG(s) 'weather_data_kafka_dag' retrieved from /opt/airflow/dags/kafka_stream.py
[2024-12-01T14:22:46.543+0000] {logging_mixin.py:188} INFO - [2024-12-01T14:22:46.542+0000] {dag.py:3089} INFO - Sync 1 DAGs
[2024-12-01T14:22:46.607+0000] {logging_mixin.py:188} INFO - [2024-12-01T14:22:46.606+0000] {dag.py:3947} INFO - Setting next_dagrun for weather_data_kafka_dag to 2024-12-01 14:00:00+00:00, run_after=2024-12-01 15:00:00+00:00
[2024-12-01T14:22:46.681+0000] {processor.py:183} INFO - Processing /opt/airflow/dags/kafka_stream.py took 3.011 seconds
[2024-12-01T14:23:17.140+0000] {processor.py:161} INFO - Started process (PID=17623) to work on /opt/airflow/dags/kafka_stream.py
[2024-12-01T14:23:17.162+0000] {processor.py:830} INFO - Processing file /opt/airflow/dags/kafka_stream.py for tasks to queue
[2024-12-01T14:23:17.177+0000] {logging_mixin.py:188} INFO - [2024-12-01T14:23:17.168+0000] {dagbag.py:545} INFO - Filling up the DagBag from /opt/airflow/dags/kafka_stream.py
[2024-12-01T14:23:21.481+0000] {processor.py:840} INFO - DAG(s) 'weather_data_kafka_dag' retrieved from /opt/airflow/dags/kafka_stream.py
[2024-12-01T14:23:21.591+0000] {logging_mixin.py:188} INFO - [2024-12-01T14:23:21.591+0000] {dag.py:3089} INFO - Sync 1 DAGs
[2024-12-01T14:23:21.636+0000] {logging_mixin.py:188} INFO - [2024-12-01T14:23:21.636+0000] {dag.py:3947} INFO - Setting next_dagrun for weather_data_kafka_dag to 2024-12-01 14:00:00+00:00, run_after=2024-12-01 15:00:00+00:00
[2024-12-01T14:23:21.692+0000] {processor.py:183} INFO - Processing /opt/airflow/dags/kafka_stream.py took 4.609 seconds
[2024-12-01T14:23:52.086+0000] {processor.py:161} INFO - Started process (PID=17634) to work on /opt/airflow/dags/kafka_stream.py
[2024-12-01T14:23:52.088+0000] {processor.py:830} INFO - Processing file /opt/airflow/dags/kafka_stream.py for tasks to queue
[2024-12-01T14:23:52.092+0000] {logging_mixin.py:188} INFO - [2024-12-01T14:23:52.091+0000] {dagbag.py:545} INFO - Filling up the DagBag from /opt/airflow/dags/kafka_stream.py
[2024-12-01T14:23:55.620+0000] {processor.py:840} INFO - DAG(s) 'weather_data_kafka_dag' retrieved from /opt/airflow/dags/kafka_stream.py
[2024-12-01T14:23:55.886+0000] {logging_mixin.py:188} INFO - [2024-12-01T14:23:55.886+0000] {dag.py:3089} INFO - Sync 1 DAGs
[2024-12-01T14:23:56.031+0000] {logging_mixin.py:188} INFO - [2024-12-01T14:23:56.031+0000] {dag.py:3947} INFO - Setting next_dagrun for weather_data_kafka_dag to 2024-12-01 14:00:00+00:00, run_after=2024-12-01 15:00:00+00:00
[2024-12-01T14:23:56.127+0000] {processor.py:183} INFO - Processing /opt/airflow/dags/kafka_stream.py took 4.069 seconds
[2024-12-01T14:24:26.879+0000] {processor.py:161} INFO - Started process (PID=17647) to work on /opt/airflow/dags/kafka_stream.py
[2024-12-01T14:24:26.887+0000] {processor.py:830} INFO - Processing file /opt/airflow/dags/kafka_stream.py for tasks to queue
[2024-12-01T14:24:26.889+0000] {logging_mixin.py:188} INFO - [2024-12-01T14:24:26.889+0000] {dagbag.py:545} INFO - Filling up the DagBag from /opt/airflow/dags/kafka_stream.py
[2024-12-01T14:24:28.558+0000] {processor.py:840} INFO - DAG(s) 'weather_data_kafka_dag' retrieved from /opt/airflow/dags/kafka_stream.py
[2024-12-01T14:24:28.633+0000] {logging_mixin.py:188} INFO - [2024-12-01T14:24:28.631+0000] {dag.py:3089} INFO - Sync 1 DAGs
[2024-12-01T14:24:28.705+0000] {logging_mixin.py:188} INFO - [2024-12-01T14:24:28.705+0000] {dag.py:3947} INFO - Setting next_dagrun for weather_data_kafka_dag to 2024-12-01 14:00:00+00:00, run_after=2024-12-01 15:00:00+00:00
[2024-12-01T14:24:28.761+0000] {processor.py:183} INFO - Processing /opt/airflow/dags/kafka_stream.py took 1.900 seconds
[2024-12-01T14:24:59.413+0000] {processor.py:161} INFO - Started process (PID=17659) to work on /opt/airflow/dags/kafka_stream.py
[2024-12-01T14:24:59.414+0000] {processor.py:830} INFO - Processing file /opt/airflow/dags/kafka_stream.py for tasks to queue
[2024-12-01T14:24:59.416+0000] {logging_mixin.py:188} INFO - [2024-12-01T14:24:59.415+0000] {dagbag.py:545} INFO - Filling up the DagBag from /opt/airflow/dags/kafka_stream.py
[2024-12-01T14:25:01.246+0000] {processor.py:840} INFO - DAG(s) 'weather_data_kafka_dag' retrieved from /opt/airflow/dags/kafka_stream.py
[2024-12-01T14:25:01.298+0000] {logging_mixin.py:188} INFO - [2024-12-01T14:25:01.297+0000] {dag.py:3089} INFO - Sync 1 DAGs
[2024-12-01T14:25:01.359+0000] {logging_mixin.py:188} INFO - [2024-12-01T14:25:01.358+0000] {dag.py:3947} INFO - Setting next_dagrun for weather_data_kafka_dag to 2024-12-01 14:00:00+00:00, run_after=2024-12-01 15:00:00+00:00
[2024-12-01T14:25:01.404+0000] {processor.py:183} INFO - Processing /opt/airflow/dags/kafka_stream.py took 2.001 seconds
